INFO:pystan:COMPILING THE C++ CODE FOR MODEL anon_model_00042f753f288ec56c6a0bbc2e2a1a2b NOW.
[31mInitialization[0m
[94m-----------------------------------------------------------------------------[0m
 Step |   Time |      Value |      eta0 |    gamma0 |    kappa0 |       mu0 | 
# 
#  Elapsed Time: 21.6343 seconds (Warm-up)
#                46.4623 seconds (Sampling)
#                68.0965 seconds (Total)
# 
# 
#  Elapsed Time: 22.277 seconds (Warm-up)
#                46.3744 seconds (Sampling)
#                68.6514 seconds (Total)
# 
# 
#  Elapsed Time: 24.8992 seconds (Warm-up)
#                46.356 seconds (Sampling)
#                71.2552 seconds (Total)
# 
# 
#  Elapsed Time: 25.7542 seconds (Warm-up)
#                46.377 seconds (Sampling)
#                72.1312 seconds (Total)
# 
    1 | 01m12s | [35m   0.22650[0m | [32m  21.3984[0m | [32m   2.3309[0m | [32m  37.1081[0m | [32m  -0.8648[0m | 
# 
#  Elapsed Time: 24.66 seconds (Warm-up)
#                46.3323 seconds (Sampling)
#                70.9924 seconds (Total)
# 
# 
#  Elapsed Time: 25.0292 seconds (Warm-up)
#                46.4671 seconds (Sampling)
#                71.4963 seconds (Total)
# 
# 
#  Elapsed Time: 26.2922 seconds (Warm-up)
#                46.4127 seconds (Sampling)
#                72.7049 seconds (Total)
# 
# 
#  Elapsed Time: 27.3235 seconds (Warm-up)
#                46.3941 seconds (Sampling)
#                73.7176 seconds (Total)
# 
    2 | 01m14s |    0.22499 |   97.9709 |    4.5308 |   69.2062 |    1.7550 | 
# 
#  Elapsed Time: 23.2746 seconds (Warm-up)
#                46.3103 seconds (Sampling)
#                69.5849 seconds (Total)
# 
# 
#  Elapsed Time: 24.7313 seconds (Warm-up)
#                46.3033 seconds (Sampling)
#                71.0345 seconds (Total)
# 
# 
#  Elapsed Time: 26.5838 seconds (Warm-up)
#                46.3244 seconds (Sampling)
#                72.9082 seconds (Total)
# 
# 
#  Elapsed Time: 27.8046 seconds (Warm-up)
#                46.1806 seconds (Sampling)
#                73.9852 seconds (Total)
# 
    3 | 01m14s | [35m   0.23078[0m | [32m  50.9188[0m | [32m   3.1911[0m | [32m  81.8695[0m | [32m  -1.7474[0m | 
# 
#  Elapsed Time: 18.7647 seconds (Warm-up)
#                44.9893 seconds (Sampling)
#                63.754 seconds (Total)
# 
# 
#  Elapsed Time: 23.9822 seconds (Warm-up)
#                46.5758 seconds (Sampling)
#                70.558 seconds (Total)
# 
# 
#  Elapsed Time: 26.2278 seconds (Warm-up)
#                46.4942 seconds (Sampling)
#                72.722 seconds (Total)
# 
# 
#  Elapsed Time: 26.5337 seconds (Warm-up)
#                46.4775 seconds (Sampling)
#                73.0112 seconds (Total)
# 
    4 | 01m13s |    0.22875 |   24.5625 |    2.8301 |   62.1406 |   -3.7575 | 
# 
#  Elapsed Time: 32.9142 seconds (Warm-up)
#                45.7527 seconds (Sampling)
#                78.6669 seconds (Total)
# 
# 
#  Elapsed Time: 33.8521 seconds (Warm-up)
#                45.7778 seconds (Sampling)
#                79.6299 seconds (Total)
# 
# 
#  Elapsed Time: 34.2185 seconds (Warm-up)
#                45.7038 seconds (Sampling)
#                79.9223 seconds (Total)
# 
# 
#  Elapsed Time: 37.7231 seconds (Warm-up)
#                43.5956 seconds (Sampling)
#                81.3187 seconds (Total)
# 
    5 | 01m21s |    0.22853 |   89.0551 |    2.3709 |   92.7228 |    1.1521 | 
# 
#  Elapsed Time: 39.7299 seconds (Warm-up)
#                43.6201 seconds (Sampling)
#                83.35 seconds (Total)
# 
# 
#  Elapsed Time: 45.8799 seconds (Warm-up)
#                43.4053 seconds (Sampling)
#                89.2852 seconds (Total)
# 
# 
#  Elapsed Time: 44.8163 seconds (Warm-up)
#                46.0395 seconds (Sampling)
#                90.8558 seconds (Total)
# 
# 
#  Elapsed Time: 48.5022 seconds (Warm-up)
#                45.6172 seconds (Sampling)
#                94.1194 seconds (Total)
# 
    6 | 01m34s |    0.21105 |   90.5167 |    1.2841 |   33.6565 |    2.3006 | 
# 
#  Elapsed Time: 24.4545 seconds (Warm-up)
#                43.969 seconds (Sampling)
#                68.4235 seconds (Total)
# 
# 
#  Elapsed Time: 25.8062 seconds (Warm-up)
#                44.0945 seconds (Sampling)
#                69.9007 seconds (Total)
# 
# 
#  Elapsed Time: 25.3981 seconds (Warm-up)
#                46.1211 seconds (Sampling)
#                71.5192 seconds (Total)
# 
# 
#  Elapsed Time: 29.0892 seconds (Warm-up)
#                44.09 seconds (Sampling)
#                73.1792 seconds (Total)
# 
    7 | 01m13s |    0.22871 |   57.8595 |    3.8005 |   11.8528 |   -2.5935 | 
# 
#  Elapsed Time: 24.7673 seconds (Warm-up)
#                43.6012 seconds (Sampling)
#                68.3685 seconds (Total)
# 
# 
#  Elapsed Time: 26.3977 seconds (Warm-up)
#                46.2608 seconds (Sampling)
#                72.6585 seconds (Total)
# 
# 
#  Elapsed Time: 26.8319 seconds (Warm-up)
#                46.2974 seconds (Sampling)
#                73.1293 seconds (Total)
# 
# 
#  Elapsed Time: 28.0192 seconds (Warm-up)
#                46.2614 seconds (Sampling)
#                74.2806 seconds (Total)
# 
    8 | 01m14s |    0.23011 |   86.3798 |    3.4753 |   20.1774 |    0.4970 | 
# 
#  Elapsed Time: 20.3713 seconds (Warm-up)
#                44.5086 seconds (Sampling)
#                64.8799 seconds (Total)
# 
# 
#  Elapsed Time: 19.933 seconds (Warm-up)
#                45.8134 seconds (Sampling)
#                65.7464 seconds (Total)
# 
# 
#  Elapsed Time: 21.391 seconds (Warm-up)
#                44.3975 seconds (Sampling)
#                65.7885 seconds (Total)
# 
# 
#  Elapsed Time: 25.556 seconds (Warm-up)
#                45.8286 seconds (Sampling)
#                71.3845 seconds (Total)
# 
    9 | 01m11s |    0.21499 |   16.8380 |    1.5334 |   64.9776 |    1.8316 | 
# 
#  Elapsed Time: 18.2317 seconds (Warm-up)
#                44.5779 seconds (Sampling)
#                62.8096 seconds (Total)
# 
# 
#  Elapsed Time: 19.3449 seconds (Warm-up)
#                44.5185 seconds (Sampling)
#                63.8634 seconds (Total)
# 
# 
#  Elapsed Time: 22.3901 seconds (Warm-up)
#                44.5056 seconds (Sampling)
#                66.8956 seconds (Total)
# 
# 
#  Elapsed Time: 26.318 seconds (Warm-up)
#                45.8308 seconds (Sampling)
#                72.1488 seconds (Total)
# 
   10 | 01m12s |    0.19994 |   90.0218 |    7.5536 |   22.1026 |   -3.4527 | 
# 
#  Elapsed Time: 19.8 seconds (Warm-up)
#                44.731 seconds (Sampling)
#                64.531 seconds (Total)
# 
# 
#  Elapsed Time: 19.9761 seconds (Warm-up)
#                44.7708 seconds (Sampling)
#                64.7469 seconds (Total)
# 
# 
#  Elapsed Time: 19.9593 seconds (Warm-up)
#                47.1093 seconds (Sampling)
#                67.0686 seconds (Total)
# 
# 
#  Elapsed Time: 20.5971 seconds (Warm-up)
#                46.9969 seconds (Sampling)
#                67.594 seconds (Total)
# 
   11 | 01m08s |    0.22407 |   10.3829 |    4.0359 |   68.4584 |   -1.4370 | 
# 
#  Elapsed Time: 22.243 seconds (Warm-up)
#                177.589 seconds (Sampling)
#                199.832 seconds (Total)
# 
# 
#  Elapsed Time: 24.4586 seconds (Warm-up)
#                177.692 seconds (Sampling)
#                202.15 seconds (Total)
# 
# 
#  Elapsed Time: 26.5092 seconds (Warm-up)
#                183.233 seconds (Sampling)
#                209.742 seconds (Total)
# 
# 
#  Elapsed Time: 28.0211 seconds (Warm-up)
#                185.753 seconds (Sampling)
#                213.774 seconds (Total)
# 
   12 | 03m34s |    0.20471 |    0.2171 |    4.2116 |   74.6967 |   -1.7553 | 
# 
#  Elapsed Time: 18.566 seconds (Warm-up)
#                47.1944 seconds (Sampling)
#                65.7604 seconds (Total)
# 
# 
#  Elapsed Time: 21.0554 seconds (Warm-up)
#                47.0849 seconds (Sampling)
#                68.1403 seconds (Total)
# 
# 
#  Elapsed Time: 23.3001 seconds (Warm-up)
#                46.9151 seconds (Sampling)
#                70.2152 seconds (Total)
# 
# 
#  Elapsed Time: 24.2335 seconds (Warm-up)
#                46.8534 seconds (Sampling)
#                71.0869 seconds (Total)
# 
   13 | 01m11s |    0.21127 |    2.7075 |    5.3577 |   28.7222 |    1.3694 | 
# 
#  Elapsed Time: 21.116 seconds (Warm-up)
#                44.1785 seconds (Sampling)
#                65.2944 seconds (Total)
# 
# 
#  Elapsed Time: 21.6612 seconds (Warm-up)
#                44.1989 seconds (Sampling)
#                65.8601 seconds (Total)
# 
# 
#  Elapsed Time: 23.0256 seconds (Warm-up)
#                44.0027 seconds (Sampling)
#                67.0283 seconds (Total)
# 
# 
#  Elapsed Time: 24.6587 seconds (Warm-up)
#                44.349 seconds (Sampling)
#                69.0077 seconds (Total)
# 
   14 | 01m09s |    0.21993 |   76.3361 |    5.0190 |   94.7710 |    0.1136 | 
# 
#  Elapsed Time: 17.29 seconds (Warm-up)
#                44.1743 seconds (Sampling)
#                61.4643 seconds (Total)
# 
# 
#  Elapsed Time: 18.2187 seconds (Warm-up)
#                44.1501 seconds (Sampling)
#                62.3688 seconds (Total)
# 
# 
#  Elapsed Time: 18.8732 seconds (Warm-up)
#                43.9524 seconds (Sampling)
#                62.8256 seconds (Total)
# 
# 
#  Elapsed Time: 18.9842 seconds (Warm-up)
#                44.4005 seconds (Sampling)
#                63.3847 seconds (Total)
# 
   15 | 01m04s |    0.19002 |   90.5409 |    8.5650 |   76.7717 |   -1.2398 | 
# 
#  Elapsed Time: 20.0446 seconds (Warm-up)
#                44.3167 seconds (Sampling)
#                64.3613 seconds (Total)
# 
# 
#  Elapsed Time: 21.2292 seconds (Warm-up)
#                44.3242 seconds (Sampling)
#                65.5534 seconds (Total)
# 
# 
#  Elapsed Time: 24.5641 seconds (Warm-up)
#                44.2254 seconds (Sampling)
#                68.7894 seconds (Total)
# 
# 
#  Elapsed Time: 27.0107 seconds (Warm-up)
#                44.0517 seconds (Sampling)
#                71.0625 seconds (Total)
# 
   16 | 01m11s |    0.21536 |   37.6766 |    5.7100 |    4.5749 |   -2.1702 | 
# 
#  Elapsed Time: 18.7223 seconds (Warm-up)
#                43.8973 seconds (Sampling)
#                62.6196 seconds (Total)
# 
# 
#  Elapsed Time: 19.9126 seconds (Warm-up)
#                44.1408 seconds (Sampling)
#                64.0534 seconds (Total)
# 
# 
#  Elapsed Time: 22.2522 seconds (Warm-up)
#                44.0892 seconds (Sampling)
#                66.3415 seconds (Total)
# 
# 
#  Elapsed Time: 24.0604 seconds (Warm-up)
#                44.0471 seconds (Sampling)
#                68.1075 seconds (Total)
# 
   17 | 01m08s |    0.21155 |   96.7421 |    6.1463 |   55.2930 |   -2.7477 | 
# 
#  Elapsed Time: 21.0671 seconds (Warm-up)
#                44.4192 seconds (Sampling)
#                65.4862 seconds (Total)
# 
# 
#  Elapsed Time: 21.7094 seconds (Warm-up)
#                44.4251 seconds (Sampling)
#                66.1345 seconds (Total)
# 
# 
#  Elapsed Time: 23.4896 seconds (Warm-up)
#                44.1927 seconds (Sampling)
#                67.6823 seconds (Total)
# 
# 
#  Elapsed Time: 25.0129 seconds (Warm-up)
#                44.1738 seconds (Sampling)
#                69.1866 seconds (Total)
# 
   18 | 01m09s |    0.18086 |   68.3354 |    9.9065 |   96.6537 |   -0.5384 | 
# 
#  Elapsed Time: 25.735 seconds (Warm-up)
#                47.1131 seconds (Sampling)
#                72.8481 seconds (Total)
# 
# 
#  Elapsed Time: 24.9964 seconds (Warm-up)
#                91.6254 seconds (Sampling)
#                116.622 seconds (Total)
# 
# 
#  Elapsed Time: 30.5902 seconds (Warm-up)
#                93.1755 seconds (Sampling)
#                123.766 seconds (Total)
# 
# 
#  Elapsed Time: 26.0686 seconds (Warm-up)
#                284.612 seconds (Sampling)
#                310.68 seconds (Total)
# 
   19 | 05m11s |    0.14776 |    4.1303 |    0.2520 |   79.6945 |    1.4881 | 
# 
#  Elapsed Time: 28.8018 seconds (Warm-up)
#                43.6227 seconds (Sampling)
#                72.4245 seconds (Total)
# 
# 
#  Elapsed Time: 28.2275 seconds (Warm-up)
#                45.7939 seconds (Sampling)
#                74.0214 seconds (Total)
# 
# 
#  Elapsed Time: 32.5836 seconds (Warm-up)
#                45.4471 seconds (Sampling)
#                78.0307 seconds (Total)
# 
# 
#  Elapsed Time: 32.5296 seconds (Warm-up)
#                45.5252 seconds (Sampling)
#                78.0548 seconds (Total)
# 
   20 | 01m18s |    0.22770 |   42.8394 |    2.3399 |   37.1521 |    2.4232 | 
# 
#  Elapsed Time: 19.6849 seconds (Warm-up)
#                42.9081 seconds (Sampling)
#                62.593 seconds (Total)
# 
# 
#  Elapsed Time: 20.2666 seconds (Warm-up)
#                43.9949 seconds (Sampling)
#                64.2615 seconds (Total)
# 
# 
#  Elapsed Time: 21.2233 seconds (Warm-up)
#                44.0099 seconds (Sampling)
#                65.2332 seconds (Total)
# 
# 
#  Elapsed Time: 26.5763 seconds (Warm-up)
#                42.9165 seconds (Sampling)
#                69.4928 seconds (Total)
# 
   21 | 01m10s |    0.20065 |   75.1983 |    7.2774 |    9.3456 |   -0.2541 | 
# 
#  Elapsed Time: 22.2758 seconds (Warm-up)
#                43.8566 seconds (Sampling)
#                66.1324 seconds (Total)
# 
# 
#  Elapsed Time: 23.3507 seconds (Warm-up)
#                43.142 seconds (Sampling)
#                66.4928 seconds (Total)
# 
# 
#  Elapsed Time: 24.1404 seconds (Warm-up)
#                43.0822 seconds (Sampling)
#                67.2226 seconds (Total)
# 
# 
#  Elapsed Time: 26.1773 seconds (Warm-up)
#                44.1184 seconds (Sampling)
#                70.2957 seconds (Total)
# 
   22 | 01m10s |    0.20082 |   66.3262 |    7.2948 |    2.5391 |    3.1361 | 
# 
#  Elapsed Time: 24.7721 seconds (Warm-up)
#                43.0515 seconds (Sampling)
#                67.8236 seconds (Total)
# 
# 
#  Elapsed Time: 26.3668 seconds (Warm-up)
#                43.9976 seconds (Sampling)
#                70.3644 seconds (Total)
# 
# 
#  Elapsed Time: 27.3903 seconds (Warm-up)
#                43.0932 seconds (Sampling)
#                70.4835 seconds (Total)
# 
# 
#  Elapsed Time: 29.5838 seconds (Warm-up)
#                43.8222 seconds (Sampling)
#                73.406 seconds (Total)
# 
   23 | 01m14s |    0.22779 |   72.2413 |    4.0494 |   47.4564 |   -2.4312 | 
# 
#  Elapsed Time: 17.8383 seconds (Warm-up)
#                43.8882 seconds (Sampling)
#                61.7266 seconds (Total)
# 
# 
#  Elapsed Time: 22.7039 seconds (Warm-up)
#                43.9784 seconds (Sampling)
#                66.6823 seconds (Total)
# 
# 
#  Elapsed Time: 24.7735 seconds (Warm-up)
#                42.9088 seconds (Sampling)
#                67.6824 seconds (Total)
# 
# 
#  Elapsed Time: 27.6155 seconds (Warm-up)
#                42.8604 seconds (Sampling)
#                70.4759 seconds (Total)
# 
   24 | 01m11s |    0.20634 |   65.9764 |    6.6885 |   80.3872 |   -2.9234 | 
# 
#  Elapsed Time: 19.0502 seconds (Warm-up)
#                46.7901 seconds (Sampling)
#                65.8403 seconds (Total)
# 
# 
#  Elapsed Time: 21.1463 seconds (Warm-up)
#                46.7396 seconds (Sampling)
#                67.8859 seconds (Total)
# 
# 
#  Elapsed Time: 22.059 seconds (Warm-up)
#                46.7305 seconds (Sampling)
#                68.7895 seconds (Total)
# 
# 
#  Elapsed Time: 22.8162 seconds (Warm-up)
#                46.7792 seconds (Sampling)
#                69.5955 seconds (Total)
# 
   25 | 01m10s |    0.18309 |   70.9095 |    9.5673 |   78.2905 |   -0.8641 | 
# 
#  Elapsed Time: 20.0454 seconds (Warm-up)
#                46.6466 seconds (Sampling)
#                66.692 seconds (Total)
# 
# 
#  Elapsed Time: 24.1458 seconds (Warm-up)
#                46.6616 seconds (Sampling)
#                70.8073 seconds (Total)
# 
# 
#  Elapsed Time: 25.5237 seconds (Warm-up)
#                46.5796 seconds (Sampling)
#                72.1033 seconds (Total)
# 
# 
#  Elapsed Time: 28.6368 seconds (Warm-up)
#                46.3276 seconds (Sampling)
#                74.9644 seconds (Total)
# 
   26 | 01m15s |    0.21441 |   23.3950 |    1.4563 |    8.5410 |   -1.4847 | 
# 
#  Elapsed Time: 23.1311 seconds (Warm-up)
#                46.5316 seconds (Sampling)
#                69.6628 seconds (Total)
# 
# 
#  Elapsed Time: 24.8451 seconds (Warm-up)
#                46.561 seconds (Sampling)
#                71.4061 seconds (Total)
# 
# 
#  Elapsed Time: 26.3731 seconds (Warm-up)
#                46.575 seconds (Sampling)
#                72.9481 seconds (Total)
# 
# 
#  Elapsed Time: 29.817 seconds (Warm-up)
#                46.2284 seconds (Sampling)
#                76.0454 seconds (Total)
# 
   27 | 01m16s |    0.22985 |   98.5726 |    3.4721 |   97.2536 |   -3.8082 | 
# 
#  Elapsed Time: 24.2088 seconds (Warm-up)
#                45.731 seconds (Sampling)
#                69.9398 seconds (Total)
# 
# 
#  Elapsed Time: 23.9549 seconds (Warm-up)
#                46.5017 seconds (Sampling)
#                70.4566 seconds (Total)
# 
# 
#  Elapsed Time: 25.157 seconds (Warm-up)
#                45.7716 seconds (Sampling)
#                70.9287 seconds (Total)
# 
# 
#  Elapsed Time: 25.7179 seconds (Warm-up)
#                46.445 seconds (Sampling)
#                72.163 seconds (Total)
# 
   28 | 01m12s |    0.22601 |   86.1815 |    4.3701 |   50.4307 |    3.6755 | 
# 
#  Elapsed Time: 18.2213 seconds (Warm-up)
#                46.4285 seconds (Sampling)
#                64.6499 seconds (Total)
# 
# 
#  Elapsed Time: 21.3448 seconds (Warm-up)
#                43.6802 seconds (Sampling)
#                65.025 seconds (Total)
# 
# 
#  Elapsed Time: 23.5873 seconds (Warm-up)
#                43.7954 seconds (Sampling)
#                67.3826 seconds (Total)
# 
# 
#  Elapsed Time: 21.4116 seconds (Warm-up)
#                46.1222 seconds (Sampling)
#                67.5338 seconds (Total)
# 
   29 | 01m08s |    0.18688 |   18.7999 |    9.2902 |    4.8783 |   -3.1151 | 
# 
#  Elapsed Time: 18.8432 seconds (Warm-up)
#                44.0845 seconds (Sampling)
#                62.9277 seconds (Total)
# 
# 
#  Elapsed Time: 20.5584 seconds (Warm-up)
#                44.1008 seconds (Sampling)
#                64.6592 seconds (Total)
# 
# 
#  Elapsed Time: 20.2689 seconds (Warm-up)
#                44.3938 seconds (Sampling)
#                64.6626 seconds (Total)
# 
# 
#  Elapsed Time: 20.9641 seconds (Warm-up)
#                44.2215 seconds (Sampling)
#                65.1856 seconds (Total)
# 
   30 | 01m05s |    0.19394 |   47.0309 |    8.0983 |   86.8092 |    3.2177 | 
# 
#  Elapsed Time: 16.9445 seconds (Warm-up)
#                44.5058 seconds (Sampling)
#                61.4502 seconds (Total)
# 
# 
#  Elapsed Time: 17.8822 seconds (Warm-up)
#                44.4134 seconds (Sampling)
#                62.2957 seconds (Total)
# 
# 
#  Elapsed Time: 18.1012 seconds (Warm-up)
#                44.5245 seconds (Sampling)
#                62.6257 seconds (Total)
# 
# 
#  Elapsed Time: 19.1657 seconds (Warm-up)
#                44.7462 seconds (Sampling)
#                63.9119 seconds (Total)
# 
   31 | 01m04s |    0.21390 |    1.5894 |    3.1022 |   24.6493 |   -3.9266 | 
# 
#  Elapsed Time: 16.9957 seconds (Warm-up)
#                44.0955 seconds (Sampling)
#                61.0912 seconds (Total)
# 
# 
#  Elapsed Time: 23.6415 seconds (Warm-up)
#                44.3706 seconds (Sampling)
#                68.0121 seconds (Total)
# 
# 
#  Elapsed Time: 25.0523 seconds (Warm-up)
#                44.1565 seconds (Sampling)
#                69.2088 seconds (Total)
# 
# 
#  Elapsed Time: 27.59 seconds (Warm-up)
#                44.2195 seconds (Sampling)
#                71.8095 seconds (Total)
# 
   32 | 01m12s |    0.19290 |   41.0233 |    8.3579 |   41.2191 |    1.1663 | 
# 
#  Elapsed Time: 19.6887 seconds (Warm-up)
#                43.9873 seconds (Sampling)
#                63.676 seconds (Total)
# 
# 
#  Elapsed Time: 22.1321 seconds (Warm-up)
#                44.1806 seconds (Sampling)
#                66.3128 seconds (Total)
# 
# 
#  Elapsed Time: 25.0363 seconds (Warm-up)
#                43.9242 seconds (Sampling)
#                68.9605 seconds (Total)
# 
# 
#  Elapsed Time: 25.1994 seconds (Warm-up)
#                43.9088 seconds (Sampling)
#                69.1081 seconds (Total)
# 
   33 | 01m09s |    0.22083 |   90.4482 |    5.1571 |   66.0886 |   -0.9250 | 
# 
#  Elapsed Time: 19.606 seconds (Warm-up)
#                43.9846 seconds (Sampling)
#                63.5906 seconds (Total)
# 
# 
#  Elapsed Time: 23.5735 seconds (Warm-up)
#                44.1554 seconds (Sampling)
#                67.7288 seconds (Total)
# 
# 
#  Elapsed Time: 25.656 seconds (Warm-up)
#                44.2129 seconds (Sampling)
#                69.8689 seconds (Total)
# 
# 
#  Elapsed Time: 31.5047 seconds (Warm-up)
#                44.6766 seconds (Sampling)
#                76.1814 seconds (Total)
# 
   34 | 01m16s |    0.22551 |   59.1880 |    4.5487 |   69.0857 |    1.1815 | 
# 
#  Elapsed Time: 20.3196 seconds (Warm-up)
#                44.182 seconds (Sampling)
#                64.5016 seconds (Total)
# 
# 
#  Elapsed Time: 21.0975 seconds (Warm-up)
#                44.2175 seconds (Sampling)
#                65.315 seconds (Total)
# 
# 
#  Elapsed Time: 21.3162 seconds (Warm-up)
#                44.3249 seconds (Sampling)
#                65.6411 seconds (Total)
# 
# 
#  Elapsed Time: 22.5123 seconds (Warm-up)
#                44.5887 seconds (Sampling)
#                67.101 seconds (Total)
# 
   35 | 01m07s |    0.18249 |   63.2486 |    9.7075 |   69.7921 |   -1.2001 | 
# 
#  Elapsed Time: 21.4928 seconds (Warm-up)
#                44.7374 seconds (Sampling)
#                66.2302 seconds (Total)
# 
# 
#  Elapsed Time: 24.9449 seconds (Warm-up)
#                44.8398 seconds (Sampling)
#                69.7847 seconds (Total)
# 
# 
#  Elapsed Time: 28.1245 seconds (Warm-up)
#                43.6591 seconds (Sampling)
#                71.7836 seconds (Total)
# 
# 
#  Elapsed Time: 26.9211 seconds (Warm-up)
#                44.8796 seconds (Sampling)
#                71.8007 seconds (Total)
# 
   36 | 01m12s |    0.18958 |   21.7512 |    8.9354 |   15.8077 |    0.4267 | 
# 
#  Elapsed Time: 19.8122 seconds (Warm-up)
#                43.0967 seconds (Sampling)
#                62.909 seconds (Total)
# 
# 
#  Elapsed Time: 20.0173 seconds (Warm-up)
#                44.1394 seconds (Sampling)
#                64.1568 seconds (Total)
# 
# 
#  Elapsed Time: 22.0215 seconds (Warm-up)
#                43.1386 seconds (Sampling)
#                65.16 seconds (Total)
# 
# 
#  Elapsed Time: 22.7169 seconds (Warm-up)
#                43.8263 seconds (Sampling)
#                66.5432 seconds (Total)
# 
   37 | 01m07s |    0.21932 |   58.8400 |    5.2753 |   31.3693 |   -1.7818 | 
# 
#  Elapsed Time: 22.0084 seconds (Warm-up)
#                43.996 seconds (Sampling)
#                66.0044 seconds (Total)
# 
# 
#  Elapsed Time: 22.0646 seconds (Warm-up)
#                43.9441 seconds (Sampling)
#                66.0087 seconds (Total)
# 
# 
#  Elapsed Time: 23.5451 seconds (Warm-up)
#                42.958 seconds (Sampling)
#                66.5031 seconds (Total)
# 
# 
#  Elapsed Time: 27.4422 seconds (Warm-up)
#                44.224 seconds (Sampling)
#                71.6662 seconds (Total)
# 
   38 | 01m12s | [35m   0.23086[0m | [32m  43.4086[0m | [32m   3.0557[0m | [32m   4.3423[0m | [32m   1.1540[0m | 
# 
#  Elapsed Time: 21.0708 seconds (Warm-up)
#                43.1668 seconds (Sampling)
#                64.2376 seconds (Total)
# 
# 
#  Elapsed Time: 21.4359 seconds (Warm-up)
#                43.1137 seconds (Sampling)
#                64.5496 seconds (Total)
# 
# 
#  Elapsed Time: 22.3881 seconds (Warm-up)
#                44.1799 seconds (Sampling)
#                66.5681 seconds (Total)
# 
# 
#  Elapsed Time: 24.9257 seconds (Warm-up)
#                43.9212 seconds (Sampling)
#                68.8469 seconds (Total)
# 
   39 | 01m09s |    0.19696 |   64.8678 |    7.8666 |   61.0361 |    3.6549 | 
# 
#  Elapsed Time: 27.8831 seconds (Warm-up)
#                42.767 seconds (Sampling)
#                70.65 seconds (Total)
# 
# 
#  Elapsed Time: 29.2671 seconds (Warm-up)
#                43.8099 seconds (Sampling)
#                73.077 seconds (Total)
# 
# 
#  Elapsed Time: 29.5947 seconds (Warm-up)
#                43.8646 seconds (Sampling)
#                73.4593 seconds (Total)
# 
# 
#  Elapsed Time: 29.9544 seconds (Warm-up)
#                43.9114 seconds (Sampling)
#                73.8658 seconds (Total)
# 
   40 | 01m14s |    0.22975 |   81.1722 |    2.6530 |    7.4749 |    3.4652 | 
# 
#  Elapsed Time: 18.0978 seconds (Warm-up)
#                44.8618 seconds (Sampling)
#                62.9596 seconds (Total)
# 
# 
#  Elapsed Time: 20.4104 seconds (Warm-up)
#                43.5518 seconds (Sampling)
#                63.9622 seconds (Total)
# 
# 
#  Elapsed Time: 22.5733 seconds (Warm-up)
#                44.0631 seconds (Sampling)
#                66.6364 seconds (Total)
# 
# 
#  Elapsed Time: 22.3227 seconds (Warm-up)
#                44.6755 seconds (Sampling)
#                66.9982 seconds (Total)
# 
   41 | 01m07s |    0.21083 |    5.9092 |    6.2898 |   90.7148 |    3.5989 | 
# 
#  Elapsed Time: 18.6534 seconds (Warm-up)
#                43.9259 seconds (Sampling)
#                62.5793 seconds (Total)
# 
# 
#  Elapsed Time: 24.0177 seconds (Warm-up)
#                42.9754 seconds (Sampling)
#                66.9931 seconds (Total)
# 
# 
#  Elapsed Time: 27.1778 seconds (Warm-up)
#                45.0912 seconds (Sampling)
#                72.269 seconds (Total)
# 
# 
#  Elapsed Time: 27.4451 seconds (Warm-up)
#                45.3391 seconds (Sampling)
#                72.7842 seconds (Total)
# 
   42 | 01m13s |    0.22646 |   58.8911 |    4.2584 |   87.4066 |   -2.0042 | 
# 
#  Elapsed Time: 17.537 seconds (Warm-up)
#                42.9073 seconds (Sampling)
#                60.4443 seconds (Total)
# 
# 
#  Elapsed Time: 19.5609 seconds (Warm-up)
#                44.2148 seconds (Sampling)
#                63.7757 seconds (Total)
# 
# 
#  Elapsed Time: 20.2811 seconds (Warm-up)
#                44.0359 seconds (Sampling)
#                64.317 seconds (Total)
# 
# 
#  Elapsed Time: 20.4728 seconds (Warm-up)
#                44.2061 seconds (Sampling)
#                64.6788 seconds (Total)
# 
   43 | 01m05s |    0.19642 |   89.4928 |    7.9577 |   49.2785 |   -1.8302 | 
# 
#  Elapsed Time: 16.5536 seconds (Warm-up)
#                43.0866 seconds (Sampling)
#                59.6402 seconds (Total)
# 
# 
#  Elapsed Time: 16.0118 seconds (Warm-up)
#                44.1399 seconds (Sampling)
#                60.1517 seconds (Total)
# 
# 
#  Elapsed Time: 17.0738 seconds (Warm-up)
#                44.1964 seconds (Sampling)
#                61.2702 seconds (Total)
# 
# 
#  Elapsed Time: 18.6462 seconds (Warm-up)
#                44.185 seconds (Sampling)
#                62.8312 seconds (Total)
# 
   44 | 01m03s |    0.21905 |   25.1466 |    5.1557 |   38.8907 |   -2.6001 | 
# 
#  Elapsed Time: 45.7836 seconds (Warm-up)
#                46.4068 seconds (Sampling)
#                92.1904 seconds (Total)
# 
# 
#  Elapsed Time: 47.9534 seconds (Warm-up)
#                46.2527 seconds (Sampling)
#                94.2061 seconds (Total)
# 
# 
#  Elapsed Time: 48.1982 seconds (Warm-up)
#                46.4687 seconds (Sampling)
#                94.6669 seconds (Total)
# 
# 
#  Elapsed Time: 49.242 seconds (Warm-up)
#                46.3051 seconds (Sampling)
#                95.5471 seconds (Total)
# 
   45 | 01m36s |    0.19723 |   74.9601 |    0.9297 |   79.9960 |   -3.0429 | 
# 
#  Elapsed Time: 20.6949 seconds (Warm-up)
#                47.042 seconds (Sampling)
#                67.7369 seconds (Total)
# 
# 
#  Elapsed Time: 21.8905 seconds (Warm-up)
#                47.0369 seconds (Sampling)
#                68.9274 seconds (Total)
# 
# 
#  Elapsed Time: 23.4777 seconds (Warm-up)
#                47.0788 seconds (Sampling)
#                70.5565 seconds (Total)
# 
# 
#  Elapsed Time: 25.0174 seconds (Warm-up)
#                46.8038 seconds (Sampling)
#                71.8213 seconds (Total)
# 
   46 | 01m12s |    0.20792 |   19.0486 |    6.6513 |   27.3550 |    2.4211 | 
# 
#  Elapsed Time: 24.2157 seconds (Warm-up)
#                46.6803 seconds (Sampling)
#                70.896 seconds (Total)
# 
# 
#  Elapsed Time: 25.8294 seconds (Warm-up)
#                46.51 seconds (Sampling)
#                72.3394 seconds (Total)
# 
# 
#  Elapsed Time: 26.2449 seconds (Warm-up)
#                46.5803 seconds (Sampling)
#                72.8252 seconds (Total)
# 
# 
#  Elapsed Time: 27.8386 seconds (Warm-up)
#                46.4583 seconds (Sampling)
#                74.297 seconds (Total)
# 
   47 | 01m14s |    0.22800 |   60.7007 |    4.0175 |   68.6170 |   -2.3739 | 
# 
#  Elapsed Time: 20.846 seconds (Warm-up)
#                46.6447 seconds (Sampling)
#                67.4907 seconds (Total)
# 
# 
#  Elapsed Time: 22.4969 seconds (Warm-up)
#                46.1755 seconds (Sampling)
#                68.6724 seconds (Total)
# 
# 
#  Elapsed Time: 25.6374 seconds (Warm-up)
#                46.5167 seconds (Sampling)
#                72.1541 seconds (Total)
# 
# 
#  Elapsed Time: 30.8249 seconds (Warm-up)
#                46.0074 seconds (Sampling)
#                76.8322 seconds (Total)
# 
   48 | 01m17s |    0.22146 |   59.9591 |    4.9951 |   49.8558 |   -1.6091 | 
# 
#  Elapsed Time: 21.9793 seconds (Warm-up)
#                45.0164 seconds (Sampling)
#                66.9957 seconds (Total)
# 
# 
#  Elapsed Time: 24.4324 seconds (Warm-up)
#                44.8067 seconds (Sampling)
#                69.2391 seconds (Total)
# 
# 
#  Elapsed Time: 26.3646 seconds (Warm-up)
#                43.9622 seconds (Sampling)
#                70.3268 seconds (Total)
# 
# 
#  Elapsed Time: 29.7383 seconds (Warm-up)
#                45.2171 seconds (Sampling)
#                74.9554 seconds (Total)
# 
   49 | 01m15s |    0.22003 |   69.3268 |    5.0740 |   28.6498 |    1.1221 | 
# 
#  Elapsed Time: 17.5478 seconds (Warm-up)
#                43.6371 seconds (Sampling)
#                61.1848 seconds (Total)
# 
# 
#  Elapsed Time: 19.182 seconds (Warm-up)
#                43.6354 seconds (Sampling)
#                62.8174 seconds (Total)
# 
# 
#  Elapsed Time: 20.4615 seconds (Warm-up)
#                44.3627 seconds (Sampling)
#                64.8242 seconds (Total)
# 
# 
#  Elapsed Time: 24.8479 seconds (Warm-up)
#                44.0164 seconds (Sampling)
#                68.8643 seconds (Total)
# 
   50 | 01m09s |    0.22430 |   12.7094 |    2.3446 |   49.7941 |   -0.0195 | 
# 
#  Elapsed Time: 18.3378 seconds (Warm-up)
#                46.4476 seconds (Sampling)
#                64.7854 seconds (Total)
# 
# 
#  Elapsed Time: 19.9906 seconds (Warm-up)
#                46.7351 seconds (Sampling)
#                66.7258 seconds (Total)
# 
# 
#  Elapsed Time: 20.0925 seconds (Warm-up)
#                46.7407 seconds (Sampling)
#                66.8331 seconds (Total)
# 
# 
#  Elapsed Time: 21.7885 seconds (Warm-up)
#                46.6849 seconds (Sampling)
#                68.4734 seconds (Total)
# 
   51 | 01m09s |    0.19930 |    2.9997 |    0.8964 |   46.1291 |   -1.9796 | 
# 
#  Elapsed Time: 34.306 seconds (Warm-up)
#                46.4708 seconds (Sampling)
#                80.7769 seconds (Total)
# 
# 
#  Elapsed Time: 35.9568 seconds (Warm-up)
#                46.4461 seconds (Sampling)
#                82.4029 seconds (Total)
# 
# 
#  Elapsed Time: 36.1632 seconds (Warm-up)
#                46.5654 seconds (Sampling)
#                82.7286 seconds (Total)
# 
# 
#  Elapsed Time: 37.537 seconds (Warm-up)
#                46.4487 seconds (Sampling)
#                83.9857 seconds (Total)
# 
   52 | 01m24s |    0.16784 |   25.7604 |    0.5089 |   58.1098 |    3.3389 | 
# 
#  Elapsed Time: 20.9076 seconds (Warm-up)
#                46.7783 seconds (Sampling)
#                67.6859 seconds (Total)
# 
# 
#  Elapsed Time: 21.3116 seconds (Warm-up)
#                46.7201 seconds (Sampling)
#                68.0316 seconds (Total)
# 
# 
#  Elapsed Time: 23.9356 seconds (Warm-up)
#                46.6402 seconds (Sampling)
#                70.5758 seconds (Total)
# 
# 
#  Elapsed Time: 25.3102 seconds (Warm-up)
#                46.5038 seconds (Sampling)
#                71.814 seconds (Total)
# 
   53 | 01m12s |    0.18803 |   57.8743 |    8.7936 |   62.0861 |   -0.2021 | 
# 
#  Elapsed Time: 22.1932 seconds (Warm-up)
#                46.6698 seconds (Sampling)
#                68.863 seconds (Total)
# 
# 
#  Elapsed Time: 25.0413 seconds (Warm-up)
#                46.6675 seconds (Sampling)
#                71.7088 seconds (Total)
# 
# 
#  Elapsed Time: 28.9755 seconds (Warm-up)
#                46.4336 seconds (Sampling)
#                75.4091 seconds (Total)
# 
# 
#  Elapsed Time: 36.6037 seconds (Warm-up)
#                45.9722 seconds (Sampling)
#                82.576 seconds (Total)
# 
   54 | 01m23s |    0.23058 |   40.8706 |    3.2224 |   28.2757 |    1.7307 | 
# 
#  Elapsed Time: 36.7173 seconds (Warm-up)
#                46.4859 seconds (Sampling)
#                83.2033 seconds (Total)
# 
# 
#  Elapsed Time: 37.9084 seconds (Warm-up)
#                46.3177 seconds (Sampling)
#                84.2261 seconds (Total)
# 
# 
#  Elapsed Time: 37.9908 seconds (Warm-up)
#                46.3952 seconds (Sampling)
#                84.386 seconds (Total)
# 
# 
#  Elapsed Time: 40.1619 seconds (Warm-up)
#                46.3249 seconds (Sampling)
#                86.4868 seconds (Total)
# 
   55 | 01m27s |    0.21043 |   60.8532 |    1.2818 |   79.5371 |   -2.8255 | 
# 
#  Elapsed Time: 60.7502 seconds (Warm-up)
#                46.3199 seconds (Sampling)
#                107.07 seconds (Total)
# 
# 
#  Elapsed Time: 62.6407 seconds (Warm-up)
#                46.4119 seconds (Sampling)
#                109.053 seconds (Total)
# 
# 
#  Elapsed Time: 63.1104 seconds (Warm-up)
#                46.3802 seconds (Sampling)
#                109.491 seconds (Total)
# 
# 
#  Elapsed Time: 63.6373 seconds (Warm-up)
#                46.4564 seconds (Sampling)
#                110.094 seconds (Total)
# 
   56 | 01m50s |    0.18212 |   89.1711 |    0.6811 |    4.0619 |    1.2685 | 
# 
#  Elapsed Time: 22.6426 seconds (Warm-up)
#                46.7191 seconds (Sampling)
#                69.3618 seconds (Total)
# 
# 
#  Elapsed Time: 23.6567 seconds (Warm-up)
#                46.7932 seconds (Sampling)
#                70.4499 seconds (Total)
# 
# 
#  Elapsed Time: 23.8227 seconds (Warm-up)
#                46.7913 seconds (Sampling)
#                70.614 seconds (Total)
# 
# 
#  Elapsed Time: 27.0001 seconds (Warm-up)
#                46.5963 seconds (Sampling)
#                73.5964 seconds (Total)
# 
   57 | 01m14s |    0.21898 |   44.3541 |    5.2919 |   60.9948 |    3.1735 | 
# 
#  Elapsed Time: 19.6656 seconds (Warm-up)
#                47.0615 seconds (Sampling)
#                66.727 seconds (Total)
# 
# 
#  Elapsed Time: 19.8527 seconds (Warm-up)
#                47.1387 seconds (Sampling)
#                66.9914 seconds (Total)
# 
# 
#  Elapsed Time: 20.9467 seconds (Warm-up)
#                47.0889 seconds (Sampling)
#                68.0355 seconds (Total)
# 
# 
#  Elapsed Time: 26.0188 seconds (Warm-up)
#                46.8468 seconds (Sampling)
#                72.8657 seconds (Total)
# 
   58 | 01m13s |    0.18637 |   27.7002 |    9.2353 |   95.0388 |    2.7637 | 
# 
#  Elapsed Time: 34.2468 seconds (Warm-up)
#                46.489 seconds (Sampling)
#                80.7358 seconds (Total)
# 
# 
#  Elapsed Time: 38.1483 seconds (Warm-up)
#                46.5103 seconds (Sampling)
#                84.6586 seconds (Total)
# 
# 
#  Elapsed Time: 40.1141 seconds (Warm-up)
#                46.5171 seconds (Sampling)
#                86.6312 seconds (Total)
# 
# 
#  Elapsed Time: 44.5065 seconds (Warm-up)
#                46.187 seconds (Sampling)
#                90.6934 seconds (Total)
# 
   59 | 01m31s |    0.21978 |   63.3631 |    1.6842 |   27.3227 |    3.8854 | 
# 
#  Elapsed Time: 24.5376 seconds (Warm-up)
#                43.2389 seconds (Sampling)
#                67.7765 seconds (Total)
# 
# 
#  Elapsed Time: 26.0269 seconds (Warm-up)
#                43.197 seconds (Sampling)
#                69.2239 seconds (Total)
# 
# 
#  Elapsed Time: 30.4621 seconds (Warm-up)
#                45.904 seconds (Sampling)
#                76.3661 seconds (Total)
# 
# 
#  Elapsed Time: 30.5219 seconds (Warm-up)
#                45.9982 seconds (Sampling)
#                76.5201 seconds (Total)
# 
   60 | 01m17s |    0.22977 |   67.1324 |    3.5521 |   62.3655 |   -3.5116 | 
# 
#  Elapsed Time: 26.2687 seconds (Warm-up)
#                46.6075 seconds (Sampling)
#                72.8762 seconds (Total)
# 
# 
#  Elapsed Time: 27.6616 seconds (Warm-up)
#                46.6199 seconds (Sampling)
#                74.2815 seconds (Total)
# 
# 
#  Elapsed Time: 31.7547 seconds (Warm-up)
#                46.2967 seconds (Sampling)
#                78.0514 seconds (Total)
# 
# 
#  Elapsed Time: 32.2943 seconds (Warm-up)
#                46.3555 seconds (Sampling)
#                78.6498 seconds (Total)
# 
   61 | 01m19s |    0.22099 |   37.7460 |    1.7479 |   79.4147 |    0.9673 | 
# 
#  Elapsed Time: 18.0938 seconds (Warm-up)
#                46.9609 seconds (Sampling)
#                65.0547 seconds (Total)
# 
# 
#  Elapsed Time: 21.335 seconds (Warm-up)
#                46.9323 seconds (Sampling)
#                68.2673 seconds (Total)
# 
# 
#  Elapsed Time: 23.2064 seconds (Warm-up)
#                47.1616 seconds (Sampling)
#                70.3679 seconds (Total)
# 
# 
#  Elapsed Time: 24.0642 seconds (Warm-up)
#                47.447 seconds (Sampling)
#                71.5112 seconds (Total)
# 
   62 | 01m12s |    0.21607 |   12.6359 |    1.6552 |   41.1546 |   -3.1486 | 
# 
#  Elapsed Time: 15.7677 seconds (Warm-up)
#                46.8792 seconds (Sampling)
#                62.6469 seconds (Total)
# 
# 
#  Elapsed Time: 21.6772 seconds (Warm-up)
#                46.9477 seconds (Sampling)
#                68.6249 seconds (Total)
# 
# 
#  Elapsed Time: 22.4582 seconds (Warm-up)
#                46.7964 seconds (Sampling)
#                69.2545 seconds (Total)
# 
# 
#  Elapsed Time: 23.5335 seconds (Warm-up)
#                46.6998 seconds (Sampling)
#                70.2333 seconds (Total)
# 
   63 | 01m10s |    0.20364 |   27.0250 |    7.0930 |   97.0693 |   -3.2216 | 
# 
#  Elapsed Time: 17.3001 seconds (Warm-up)
#                45.4499 seconds (Sampling)
#                62.75 seconds (Total)
# 
# 
#  Elapsed Time: 21.1402 seconds (Warm-up)
#                45.3646 seconds (Sampling)
#                66.5048 seconds (Total)
# 
# 
#  Elapsed Time: 21.6769 seconds (Warm-up)
#                46.0811 seconds (Sampling)
#                67.758 seconds (Total)
# 
# 
#  Elapsed Time: 23.7445 seconds (Warm-up)
#                46.1282 seconds (Sampling)
#                69.8726 seconds (Total)
# 
   64 | 01m10s |    0.20835 |   86.3973 |    6.5035 |   32.2635 |    3.1342 | 
# 
#  Elapsed Time: 63.2759 seconds (Warm-up)
#                46.4358 seconds (Sampling)
#                109.712 seconds (Total)
# 
# 
#  Elapsed Time: 63.451 seconds (Warm-up)
#                46.3471 seconds (Sampling)
#                109.798 seconds (Total)
# 
# 
#  Elapsed Time: 66.6732 seconds (Warm-up)
#                46.4172 seconds (Sampling)
#                113.09 seconds (Total)
# 
# 
#  Elapsed Time: 68.0724 seconds (Warm-up)
#                46.4511 seconds (Sampling)
#                114.524 seconds (Total)
# 
   65 | 01m55s |    0.16028 |   72.6764 |    0.4297 |   77.0792 |    2.3835 | 
# 
#  Elapsed Time: 17.019 seconds (Warm-up)
#                47.4262 seconds (Sampling)
#                64.4453 seconds (Total)
# 
# 
#  Elapsed Time: 18.8897 seconds (Warm-up)
#                47.3027 seconds (Sampling)
#                66.1923 seconds (Total)
# 
# 
#  Elapsed Time: 19.3182 seconds (Warm-up)
#                47.4615 seconds (Sampling)
#                66.7797 seconds (Total)
# 
# 
#  Elapsed Time: 19.7714 seconds (Warm-up)
#                47.4469 seconds (Sampling)
#                67.2182 seconds (Total)
# 
   66 | 01m07s |    0.20716 |    9.7803 |    7.0069 |   98.8649 |   -3.5575 | 
# 
#  Elapsed Time: 16.6643 seconds (Warm-up)
#                43.5598 seconds (Sampling)
#                60.2241 seconds (Total)
# 
# 
#  Elapsed Time: 16.8137 seconds (Warm-up)
#                44.5052 seconds (Sampling)
#                61.3189 seconds (Total)
# 
# 
#  Elapsed Time: 19.0934 seconds (Warm-up)
#                43.5415 seconds (Sampling)
#                62.6349 seconds (Total)
# 
# 
#  Elapsed Time: 20.9485 seconds (Warm-up)
#                44.4049 seconds (Sampling)
#                65.3535 seconds (Total)
# 
   67 | 01m05s |    0.21458 |    2.1893 |    2.3006 |   92.6818 |   -0.0757 | 
# 
#  Elapsed Time: 43.8078 seconds (Warm-up)
#                42.6181 seconds (Sampling)
#                86.4259 seconds (Total)
# 
# 
#  Elapsed Time: 49.6456 seconds (Warm-up)
#                43.5689 seconds (Sampling)
#                93.2145 seconds (Total)
# 
# 
#  Elapsed Time: 52.7761 seconds (Warm-up)
#                42.6693 seconds (Sampling)
#                95.4455 seconds (Total)
# 
# 
#  Elapsed Time: 51.941 seconds (Warm-up)
#                43.6479 seconds (Sampling)
#                95.5889 seconds (Total)
# 
   68 | 01m36s |    0.19357 |   79.6609 |    0.8630 |    5.2815 |    1.3606 | 
# 
#  Elapsed Time: 45.3866 seconds (Warm-up)
#                46.5087 seconds (Sampling)
#                91.8953 seconds (Total)
# 
# 
#  Elapsed Time: 50.4056 seconds (Warm-up)
#                46.328 seconds (Sampling)
#                96.7337 seconds (Total)
# 
# 
#  Elapsed Time: 50.5112 seconds (Warm-up)
#                46.393 seconds (Sampling)
#                96.9041 seconds (Total)
# 
# 
#  Elapsed Time: 50.7344 seconds (Warm-up)
#                46.402 seconds (Sampling)
#                97.1365 seconds (Total)
# 
   69 | 01m37s |    0.19351 |   69.1679 |    0.8676 |   20.2868 |    2.5876 | 
# 
#  Elapsed Time: 16.0415 seconds (Warm-up)
#                46.9837 seconds (Sampling)
#                63.0252 seconds (Total)
# 
# 
#  Elapsed Time: 17.917 seconds (Warm-up)
#                47.0667 seconds (Sampling)
#                64.9837 seconds (Total)
# 
# 
#  Elapsed Time: 19.921 seconds (Warm-up)
#                46.9468 seconds (Sampling)
#                66.8678 seconds (Total)
# 
# 
#  Elapsed Time: 25.0484 seconds (Warm-up)
#                46.6606 seconds (Sampling)
#                71.709 seconds (Total)
# 
   70 | 01m12s |    0.18976 |   29.1061 |    8.9646 |   27.5993 |   -0.4567 | 
# 
#  Elapsed Time: 15.3905 seconds (Warm-up)
#                46.8396 seconds (Sampling)
#                62.2301 seconds (Total)
# 
# 
#  Elapsed Time: 15.8115 seconds (Warm-up)
#                46.7966 seconds (Sampling)
#                62.6081 seconds (Total)
# 
# 
#  Elapsed Time: 19.0587 seconds (Warm-up)
#                46.5978 seconds (Sampling)
#                65.6565 seconds (Total)
# 
# 
#  Elapsed Time: 19.3789 seconds (Warm-up)
#                46.6258 seconds (Sampling)
#                66.0046 seconds (Total)
# 
   71 | 01m06s |    0.18349 |   86.5501 |    9.5892 |   14.0211 |   -3.4625 | 
# 
#  Elapsed Time: 17.3157 seconds (Warm-up)
#                47.0301 seconds (Sampling)
#                64.3458 seconds (Total)
# 
# 
#  Elapsed Time: 17.2848 seconds (Warm-up)
#                47.159 seconds (Sampling)
#                64.4439 seconds (Total)
# 
# 
#  Elapsed Time: 20.7346 seconds (Warm-up)
#                46.8177 seconds (Sampling)
#                67.5523 seconds (Total)
# 
# 
#  Elapsed Time: 22.0138 seconds (Warm-up)
#                46.7445 seconds (Sampling)
#                68.7583 seconds (Total)
# 
   72 | 01m09s |    0.22658 |   11.8410 |    3.2641 |   92.5819 |    0.0978 | 
# 
#  Elapsed Time: 16.6658 seconds (Warm-up)
#                46.8438 seconds (Sampling)
#                63.5096 seconds (Total)
# 
# 
#  Elapsed Time: 20.336 seconds (Warm-up)
#                46.708 seconds (Sampling)
#                67.0439 seconds (Total)
# 
# 
#  Elapsed Time: 20.6546 seconds (Warm-up)
#                46.6087 seconds (Sampling)
#                67.2633 seconds (Total)
# 
# 
#  Elapsed Time: 20.8641 seconds (Warm-up)
#                46.7213 seconds (Sampling)
#                67.5854 seconds (Total)
# 
   73 | 01m08s |    0.18558 |   53.2492 |    9.1810 |   32.2800 |   -1.1057 | 
# 
#  Elapsed Time: 18.3209 seconds (Warm-up)
#                46.647 seconds (Sampling)
#                64.9679 seconds (Total)
# 
# 
#  Elapsed Time: 20.4681 seconds (Warm-up)
#                46.6032 seconds (Sampling)
#                67.0713 seconds (Total)
# 
# 
#  Elapsed Time: 21.7333 seconds (Warm-up)
#                46.6362 seconds (Sampling)
#                68.3696 seconds (Total)
# 
# 
#  Elapsed Time: 25.1762 seconds (Warm-up)
#                46.5159 seconds (Sampling)
#                71.6922 seconds (Total)
# 
   74 | 01m12s |    0.19577 |   95.6046 |    7.9014 |   69.9064 |   -3.6256 | 
# 
#  Elapsed Time: 25.2731 seconds (Warm-up)
#                43.1078 seconds (Sampling)
#                68.3809 seconds (Total)
# 
# 
#  Elapsed Time: 25.3547 seconds (Warm-up)
#                43.5402 seconds (Sampling)
#                68.8949 seconds (Total)
# 
# 
#  Elapsed Time: 28.0711 seconds (Warm-up)
#                43.8974 seconds (Sampling)
#                71.9685 seconds (Total)
# 
# 
#  Elapsed Time: 30.5165 seconds (Warm-up)
#                43.3468 seconds (Sampling)
#                73.8633 seconds (Total)
# 
   75 | 01m14s |    0.22952 |   70.2151 |    2.7366 |   45.0372 |    2.1060 | 
# 
#  Elapsed Time: 17.7784 seconds (Warm-up)
#                43.3014 seconds (Sampling)
#                61.0797 seconds (Total)
# 
# 
#  Elapsed Time: 20.8398 seconds (Warm-up)
#                44.0756 seconds (Sampling)
#                64.9153 seconds (Total)
# 
# 
#  Elapsed Time: 23.103 seconds (Warm-up)
#                43.486 seconds (Sampling)
#                66.589 seconds (Total)
# 
# 
#  Elapsed Time: 23.797 seconds (Warm-up)
#                43.7862 seconds (Sampling)
#                67.5832 seconds (Total)
# 
   76 | 01m08s |    0.21560 |   13.9461 |    1.6114 |   20.0251 |   -2.8120 | 
# 
#  Elapsed Time: 20.761 seconds (Warm-up)
#                46.1788 seconds (Sampling)
#                66.9398 seconds (Total)
# 
# 
#  Elapsed Time: 21.1883 seconds (Warm-up)
#                46.1053 seconds (Sampling)
#                67.2936 seconds (Total)
# 
# 
#  Elapsed Time: 21.2634 seconds (Warm-up)
#                46.053 seconds (Sampling)
#                67.3163 seconds (Total)
# 
# 
#  Elapsed Time: 26.3833 seconds (Warm-up)
#                46.5002 seconds (Sampling)
#                72.8835 seconds (Total)
# 
   77 | 01m13s |    0.22332 |   20.0066 |    1.9910 |   39.9691 |   -3.7848 | 
# 
#  Elapsed Time: 20.0659 seconds (Warm-up)
#                47.548 seconds (Sampling)
#                67.6139 seconds (Total)
# 
# 
#  Elapsed Time: 20.9651 seconds (Warm-up)
#                47.5372 seconds (Sampling)
#                68.5022 seconds (Total)
# 
# 
#  Elapsed Time: 24.1011 seconds (Warm-up)
#                47.4525 seconds (Sampling)
#                71.5536 seconds (Total)
# 
# 
#  Elapsed Time: 24.0351 seconds (Warm-up)
#                47.5534 seconds (Sampling)
#                71.5884 seconds (Total)
# 
   78 | 01m12s |    0.18912 |    8.8188 |    9.4503 |   67.0600 |    0.2238 | 
# 
#  Elapsed Time: 18.9572 seconds (Warm-up)
#                44.3173 seconds (Sampling)
#                63.2745 seconds (Total)
# 
# 
#  Elapsed Time: 21.4387 seconds (Warm-up)
#                44.47 seconds (Sampling)
#                65.9087 seconds (Total)
# 
# 
#  Elapsed Time: 22.6009 seconds (Warm-up)
#                44.6188 seconds (Sampling)
#                67.2197 seconds (Total)
# 
# 
#  Elapsed Time: 23.327 seconds (Warm-up)
#                44.7537 seconds (Sampling)
#                68.0807 seconds (Total)
# 
   79 | 01m08s |    0.22391 |   27.6416 |    4.7139 |    1.2387 |   -0.1216 | 
# 
#  Elapsed Time: 26.025 seconds (Warm-up)
#                46.4753 seconds (Sampling)
#                72.5003 seconds (Total)
# 
# 
#  Elapsed Time: 30.9111 seconds (Warm-up)
#                46.4478 seconds (Sampling)
#                77.3588 seconds (Total)
# 
# 
#  Elapsed Time: 31.7314 seconds (Warm-up)
#                46.496 seconds (Sampling)
#                78.2275 seconds (Total)
# 
# 
#  Elapsed Time: 33.4654 seconds (Warm-up)
#                46.8308 seconds (Sampling)
#                80.2962 seconds (Total)
# 
   80 | 01m20s |    0.23044 |   82.2467 |    2.8003 |   83.4996 |   -2.4856 | 
# 
#  Elapsed Time: 19.9566 seconds (Warm-up)
#                46.6153 seconds (Sampling)
#                66.5718 seconds (Total)
# 
# 
#  Elapsed Time: 29.2657 seconds (Warm-up)
#                46.093 seconds (Sampling)
#                75.3587 seconds (Total)
# 
# 
#  Elapsed Time: 29.7399 seconds (Warm-up)
#                46.6477 seconds (Sampling)
#                76.3876 seconds (Total)
# 
# 
#  Elapsed Time: 30.3236 seconds (Warm-up)
#                46.0987 seconds (Sampling)
#                76.4223 seconds (Total)
# 
   81 | 01m17s |    0.21163 |   27.5049 |    1.3473 |   44.6826 |   -2.6932 | 
# 
#  Elapsed Time: 21.1652 seconds (Warm-up)
#                46.6483 seconds (Sampling)
#                67.8136 seconds (Total)
# 
# 
#  Elapsed Time: 27.1351 seconds (Warm-up)
#                46.3713 seconds (Sampling)
#                73.5064 seconds (Total)
# 
# 
#  Elapsed Time: 28.9262 seconds (Warm-up)
#                46.4099 seconds (Sampling)
#                75.3361 seconds (Total)
# 
# 
#  Elapsed Time: 32.1355 seconds (Warm-up)
#                45.8564 seconds (Sampling)
#                77.992 seconds (Total)
# 
   82 | 01m18s |    0.22770 |   52.9293 |    4.1007 |   23.7438 |   -2.7093 | 
# 
#  Elapsed Time: 21.2616 seconds (Warm-up)
#                45.9041 seconds (Sampling)
#                67.1657 seconds (Total)
# 
# 
#  Elapsed Time: 21.4628 seconds (Warm-up)
#                45.9048 seconds (Sampling)
#                67.3676 seconds (Total)
# 
# 
#  Elapsed Time: 22.8963 seconds (Warm-up)
#                45.982 seconds (Sampling)
#                68.8782 seconds (Total)
# 
# 
#  Elapsed Time: 25.3668 seconds (Warm-up)
#                46.0787 seconds (Sampling)
#                71.4455 seconds (Total)
# 
   83 | 01m12s |    0.21874 |    8.0452 |    5.1653 |   88.6548 |    1.5052 | 
# 
#  Elapsed Time: 23.4624 seconds (Warm-up)
#                46.4978 seconds (Sampling)
#                69.9602 seconds (Total)
# 
# 
#  Elapsed Time: 27.6354 seconds (Warm-up)
#                46.5654 seconds (Sampling)
#                74.2008 seconds (Total)
# 
# 
#  Elapsed Time: 28.6523 seconds (Warm-up)
#                46.5955 seconds (Sampling)
#                75.2478 seconds (Total)
# 
# 
#  Elapsed Time: 29.6786 seconds (Warm-up)
#                46.3504 seconds (Sampling)
#                76.029 seconds (Total)
# 
   84 | 01m16s |    0.22939 |   85.9592 |    3.7236 |   94.0719 |   -3.0668 | 
# 
#  Elapsed Time: 20.4984 seconds (Warm-up)
#                46.7528 seconds (Sampling)
#                67.2512 seconds (Total)
# 
# 
#  Elapsed Time: 20.7809 seconds (Warm-up)
#                46.7494 seconds (Sampling)
#                67.5303 seconds (Total)
# 
# 
#  Elapsed Time: 21.9785 seconds (Warm-up)
#                46.843 seconds (Sampling)
#                68.8216 seconds (Total)
# 
# 
#  Elapsed Time: 25.8614 seconds (Warm-up)
#                46.464 seconds (Sampling)
#                72.3254 seconds (Total)
# 
   85 | 01m12s |    0.18042 |   57.0862 |    9.9945 |   82.5601 |    1.5220 | 
# 
#  Elapsed Time: 17.0115 seconds (Warm-up)
#                46.82 seconds (Sampling)
#                63.8315 seconds (Total)
# 
# 
#  Elapsed Time: 18.351 seconds (Warm-up)
#                46.8932 seconds (Sampling)
#                65.2441 seconds (Total)
# 
# 
#  Elapsed Time: 19.1446 seconds (Warm-up)
#                46.8675 seconds (Sampling)
#                66.0121 seconds (Total)
# 
# 
#  Elapsed Time: 22.4273 seconds (Warm-up)
#                46.6224 seconds (Sampling)
#                69.0497 seconds (Total)
# 
   86 | 01m09s |    0.21917 |   25.1530 |    5.2338 |   98.5798 |    2.0826 | 
# 
#  Elapsed Time: 45.4829 seconds (Warm-up)
#                46.2995 seconds (Sampling)
#                91.7823 seconds (Total)
# 
# 
#  Elapsed Time: 52.5455 seconds (Warm-up)
#                46.044 seconds (Sampling)
#                98.5895 seconds (Total)
# 
# 
#  Elapsed Time: 53.8932 seconds (Warm-up)
#                45.9767 seconds (Sampling)
#                99.8699 seconds (Total)
# 
# 
#  Elapsed Time: 54.1157 seconds (Warm-up)
#                46.3722 seconds (Sampling)
#                100.488 seconds (Total)
# 
   87 | 01m41s |    0.19610 |   82.3149 |    0.9206 |   17.7330 |   -0.6644 | 
# 
#  Elapsed Time: 18.5832 seconds (Warm-up)
#                46.9734 seconds (Sampling)
#                65.5566 seconds (Total)
# 
# 
#  Elapsed Time: 23.0207 seconds (Warm-up)
#                46.831 seconds (Sampling)
#                69.8518 seconds (Total)
# 
# 
#  Elapsed Time: 24.5583 seconds (Warm-up)
#                46.7775 seconds (Sampling)
#                71.3359 seconds (Total)
# 
# 
#  Elapsed Time: 25.2554 seconds (Warm-up)
#                46.8212 seconds (Sampling)
#                72.0767 seconds (Total)
# 
   88 | 01m12s |    0.18149 |   43.2898 |    9.9507 |   91.5833 |   -0.4033 | 
# 
#  Elapsed Time: 15.5688 seconds (Warm-up)
#                45.7243 seconds (Sampling)
#                61.2931 seconds (Total)
# 
# 
#  Elapsed Time: 20.1513 seconds (Warm-up)
#                45.9229 seconds (Sampling)
#                66.0743 seconds (Total)
# 
# 
#  Elapsed Time: 20.9197 seconds (Warm-up)
#                45.5219 seconds (Sampling)
#                66.4415 seconds (Total)
# 
# 
#  Elapsed Time: 26.0185 seconds (Warm-up)
#                45.1402 seconds (Sampling)
#                71.1586 seconds (Total)
# 
   89 | 01m11s |    0.18888 |   86.3542 |    8.6301 |   18.9052 |    3.5103 | 
# 
#  Elapsed Time: 17.9593 seconds (Warm-up)
#                44.7826 seconds (Sampling)
#                62.742 seconds (Total)
# 
# 
#  Elapsed Time: 18.5399 seconds (Warm-up)
#                44.8287 seconds (Sampling)
#                63.3686 seconds (Total)
# 
# 
#  Elapsed Time: 21.6242 seconds (Warm-up)
#                44.5185 seconds (Sampling)
#                66.1427 seconds (Total)
# 
# 
#  Elapsed Time: 21.6126 seconds (Warm-up)
#                44.7376 seconds (Sampling)
#                66.3502 seconds (Total)
# 
   90 | 01m06s |    0.20142 |   15.4895 |    7.4903 |   12.1929 |   -2.9090 | 
# 
#  Elapsed Time: 22.0013 seconds (Warm-up)
#                42.9901 seconds (Sampling)
#                64.9914 seconds (Total)
# 
# 
#  Elapsed Time: 25.0772 seconds (Warm-up)
#                42.9556 seconds (Sampling)
#                68.0328 seconds (Total)
# 
# 
#  Elapsed Time: 25.7205 seconds (Warm-up)
#                46.194 seconds (Sampling)
#                71.9145 seconds (Total)
# 
# 
#  Elapsed Time: 28.457 seconds (Warm-up)
#                46.0189 seconds (Sampling)
#                74.4759 seconds (Total)
# 
   91 | 01m15s |    0.18339 |   65.3188 |    9.7415 |   41.4262 |   -1.4529 | 
# 
#  Elapsed Time: 19.092 seconds (Warm-up)
#                44.0533 seconds (Sampling)
#                63.1453 seconds (Total)
# 
# 
#  Elapsed Time: 21.9719 seconds (Warm-up)
#                44.2605 seconds (Sampling)
#                66.2324 seconds (Total)
# 
# 
#  Elapsed Time: 22.3352 seconds (Warm-up)
#                44.2555 seconds (Sampling)
#                66.5908 seconds (Total)
# 
# 
#  Elapsed Time: 24.3048 seconds (Warm-up)
#                44.2016 seconds (Sampling)
#                68.5064 seconds (Total)
# 
   92 | 01m09s |    0.21999 |   48.9793 |    5.1922 |   42.7395 |    2.6320 | 
# 
#  Elapsed Time: 41.2575 seconds (Warm-up)
#                44.04 seconds (Sampling)
#                85.2975 seconds (Total)
# 
# 
#  Elapsed Time: 41.3875 seconds (Warm-up)
#                43.9575 seconds (Sampling)
#                85.345 seconds (Total)
# 
# 
#  Elapsed Time: 41.5649 seconds (Warm-up)
#                44.0877 seconds (Sampling)
#                85.6527 seconds (Total)
# 
# 
#  Elapsed Time: 42.6942 seconds (Warm-up)
#                43.7168 seconds (Sampling)
#                86.411 seconds (Total)
# 
   93 | 01m27s |    0.21701 |   91.3994 |    1.5447 |   76.6348 |   -2.7060 | 
# 
#  Elapsed Time: 19.7206 seconds (Warm-up)
#                46.2415 seconds (Sampling)
#                65.9621 seconds (Total)
# 
# 
#  Elapsed Time: 20.3789 seconds (Warm-up)
#                46.0742 seconds (Sampling)
#                66.453 seconds (Total)
# 
# 
#  Elapsed Time: 21.1685 seconds (Warm-up)
#                46.2573 seconds (Sampling)
#                67.4258 seconds (Total)
# 
# 
#  Elapsed Time: 20.363 seconds (Warm-up)
#                150.435 seconds (Sampling)
#                170.798 seconds (Total)
# 
   94 | 02m51s |    0.20073 |   53.3036 |    7.2827 |   10.3013 |    1.4679 | 
# 
#  Elapsed Time: 23.5016 seconds (Warm-up)
#                46.0979 seconds (Sampling)
#                69.5994 seconds (Total)
# 
# 
#  Elapsed Time: 24.0487 seconds (Warm-up)
#                45.8223 seconds (Sampling)
#                69.871 seconds (Total)
# 
# 
#  Elapsed Time: 26.9153 seconds (Warm-up)
#                46.0331 seconds (Sampling)
#                72.9484 seconds (Total)
# 
# 
#  Elapsed Time: 28.1968 seconds (Warm-up)
#                45.5477 seconds (Sampling)
#                73.7445 seconds (Total)
# 
   95 | 01m14s |    0.21934 |   22.4844 |    1.7007 |   86.9405 |    2.9403 | 
# 
#  Elapsed Time: 18.581 seconds (Warm-up)
#                44.0193 seconds (Sampling)
#                62.6003 seconds (Total)
# 
# 
#  Elapsed Time: 20.4919 seconds (Warm-up)
#                44.4028 seconds (Sampling)
#                64.8947 seconds (Total)
# 
# 
#  Elapsed Time: 23.6646 seconds (Warm-up)
#                44.0514 seconds (Sampling)
#                67.716 seconds (Total)
# 
# 
#  Elapsed Time: 24.7805 seconds (Warm-up)
#                44.3302 seconds (Sampling)
#                69.1107 seconds (Total)
# 
   96 | 01m09s |    0.22579 |   28.6563 |    4.3055 |   48.1510 |    3.0063 | 
# 
#  Elapsed Time: 27.4264 seconds (Warm-up)
#                43.856 seconds (Sampling)
#                71.2824 seconds (Total)
# 
# 
#  Elapsed Time: 28.9028 seconds (Warm-up)
#                43.9631 seconds (Sampling)
#                72.8659 seconds (Total)
# 
# 
#  Elapsed Time: 31.3127 seconds (Warm-up)
#                44.1067 seconds (Sampling)
#                75.4193 seconds (Total)
# 
# 
#  Elapsed Time: 31.6484 seconds (Warm-up)
#                44.0637 seconds (Sampling)
#                75.7121 seconds (Total)
# 
   97 | 01m16s |    0.22614 |   66.8186 |    2.1049 |   60.6712 |   -3.1939 | 
# 
#  Elapsed Time: 21.4411 seconds (Warm-up)
#                46.7343 seconds (Sampling)
#                68.1754 seconds (Total)
# 
# 
#  Elapsed Time: 22.8777 seconds (Warm-up)
#                46.7332 seconds (Sampling)
#                69.6109 seconds (Total)
# 
# 
#  Elapsed Time: 23.741 seconds (Warm-up)
#                46.8098 seconds (Sampling)
#                70.5508 seconds (Total)
# 
# 
#  Elapsed Time: 26.0617 seconds (Warm-up)
#                46.5856 seconds (Sampling)
#                72.6473 seconds (Total)
# 
   98 | 01m13s |    0.19571 |   45.4215 |    7.9624 |    9.8482 |   -3.6990 | 
# 
#  Elapsed Time: 45.4589 seconds (Warm-up)
#                46.328 seconds (Sampling)
#                91.7869 seconds (Total)
# 
# 
#  Elapsed Time: 46.9573 seconds (Warm-up)
#                46.4369 seconds (Sampling)
#                93.3942 seconds (Total)
# 
# 
#  Elapsed Time: 50.9039 seconds (Warm-up)
#                46.3573 seconds (Sampling)
#                97.2612 seconds (Total)
# 
# 
#  Elapsed Time: 52.645 seconds (Warm-up)
#                46.2658 seconds (Sampling)
#                98.9108 seconds (Total)
# 
   99 | 01m39s |    0.19947 |   82.7139 |    0.9816 |   55.4623 |    3.1674 | 
# 
#  Elapsed Time: 17.3281 seconds (Warm-up)
#                46.8643 seconds (Sampling)
#                64.1924 seconds (Total)
# 
# 
#  Elapsed Time: 19.1376 seconds (Warm-up)
#                46.7195 seconds (Sampling)
#                65.8571 seconds (Total)
# 
# 
#  Elapsed Time: 19.5887 seconds (Warm-up)
#                46.7644 seconds (Sampling)
#                66.3531 seconds (Total)
# 
# 
#  Elapsed Time: 21.7734 seconds (Warm-up)
#                46.9261 seconds (Sampling)
#                68.6995 seconds (Total)
# 
  100 | 01m09s |    0.19073 |   96.1768 |    8.5367 |   74.9328 |    1.2908 | 
# 
#  Elapsed Time: 20.52 seconds (Warm-up)
#                44.3193 seconds (Sampling)
#                64.8393 seconds (Total)
# 
# 
#  Elapsed Time: 18.2435 seconds (Warm-up)
#                46.7351 seconds (Sampling)
#                64.9787 seconds (Total)
# 
# 
#  Elapsed Time: 20.839 seconds (Warm-up)
#                44.2256 seconds (Sampling)
#                65.0646 seconds (Total)
# 
# 
#  Elapsed Time: 24.1934 seconds (Warm-up)
#                47.3533 seconds (Sampling)
#                71.5468 seconds (Total)
# 
  101 | 01m12s |    0.20272 |   99.8776 |    7.1248 |   80.6413 |   -1.1833 | 
# 
#  Elapsed Time: 19.3443 seconds (Warm-up)
#                45.4466 seconds (Sampling)
#                64.7909 seconds (Total)
# 
# 
#  Elapsed Time: 20.9813 seconds (Warm-up)
#                45.5351 seconds (Sampling)
#                66.5164 seconds (Total)
# 
# 
#  Elapsed Time: 21.152 seconds (Warm-up)
#                45.431 seconds (Sampling)
#                66.583 seconds (Total)
# 
# 
#  Elapsed Time: 24.0499 seconds (Warm-up)
#                45.4874 seconds (Sampling)
#                69.5373 seconds (Total)
# 
  102 | 01m10s |    0.20927 |   37.9281 |    6.4318 |   98.7039 |    1.8805 | 
# 
#  Elapsed Time: 20.0486 seconds (Warm-up)
#                44.2847 seconds (Sampling)
#                64.3333 seconds (Total)
# 
# 
#  Elapsed Time: 19.6078 seconds (Warm-up)
#                46.8496 seconds (Sampling)
#                66.4573 seconds (Total)
# 
# 
#  Elapsed Time: 22.0395 seconds (Warm-up)
#                46.8896 seconds (Sampling)
#                68.9291 seconds (Total)
# 
# 
#  Elapsed Time: 29.0128 seconds (Warm-up)
#                46.3123 seconds (Sampling)
#                75.3252 seconds (Total)
# 
  103 | 01m15s |    0.19366 |   81.0804 |    8.2149 |   47.8574 |    3.6744 | 
# 
#  Elapsed Time: 24.1736 seconds (Warm-up)
#                44.6597 seconds (Sampling)
#                68.8333 seconds (Total)
# 
# 
#  Elapsed Time: 24.5039 seconds (Warm-up)
#                46.1456 seconds (Sampling)
#                70.6495 seconds (Total)
# 
# 
#  Elapsed Time: 28.9719 seconds (Warm-up)
#                46.119 seconds (Sampling)
#                75.091 seconds (Total)
# 
# 
#  Elapsed Time: 29.6118 seconds (Warm-up)
#                46.1547 seconds (Sampling)
#                75.7665 seconds (Total)
# 
  104 | 01m16s |    0.21962 |   29.4101 |    1.6818 |    7.6168 |   -1.3892 | 
# 
#  Elapsed Time: 18.1762 seconds (Warm-up)
#                44.3681 seconds (Sampling)
#                62.5444 seconds (Total)
# 
# 
#  Elapsed Time: 21.5912 seconds (Warm-up)
#                46.8351 seconds (Sampling)
#                68.4263 seconds (Total)
# 
# 
#  Elapsed Time: 23.0161 seconds (Warm-up)
#                46.9577 seconds (Sampling)
#                69.9738 seconds (Total)
# 
# 
#  Elapsed Time: 23.4315 seconds (Warm-up)
#                46.9231 seconds (Sampling)
#                70.3546 seconds (Total)
# 
  105 | 01m10s |    0.18345 |   63.5810 |    9.5534 |   38.0930 |   -3.6434 | 
# 
#  Elapsed Time: 17.0117 seconds (Warm-up)
#                44.5641 seconds (Sampling)
#                61.5759 seconds (Total)
# 
# 
#  Elapsed Time: 15.114 seconds (Warm-up)
#                47.3638 seconds (Sampling)
#                62.4778 seconds (Total)
# 
# 
#  Elapsed Time: 19.0758 seconds (Warm-up)
#                47.1986 seconds (Sampling)
#                66.2744 seconds (Total)
# 
# 
#  Elapsed Time: 25.5233 seconds (Warm-up)
#                46.2835 seconds (Sampling)
#                71.8068 seconds (Total)
# 
  106 | 01m12s |    0.21822 |    6.9041 |    5.2683 |   15.5985 |   -2.6294 | 
# 
#  Elapsed Time: 20.9101 seconds (Warm-up)
#                44.1761 seconds (Sampling)
#                65.0862 seconds (Total)
# 
# 
#  Elapsed Time: 21.2994 seconds (Warm-up)
#                44.2582 seconds (Sampling)
#                65.5576 seconds (Total)
# 
# 
#  Elapsed Time: 27.3428 seconds (Warm-up)
#                46.193 seconds (Sampling)
#                73.5358 seconds (Total)
# 
# 
#  Elapsed Time: 30.0153 seconds (Warm-up)
#                43.7827 seconds (Sampling)
#                73.7979 seconds (Total)
# 
  107 | 01m14s |    0.22628 |   76.5212 |    4.3411 |   79.7496 |    3.2462 | 
# 
#  Elapsed Time: 20.3374 seconds (Warm-up)
#                43.6386 seconds (Sampling)
#                63.976 seconds (Total)
# 
# 
#  Elapsed Time: 21.9446 seconds (Warm-up)
#                46.6408 seconds (Sampling)
#                68.5854 seconds (Total)
# 
# 
#  Elapsed Time: 23.0623 seconds (Warm-up)
#                46.4869 seconds (Sampling)
#                69.5492 seconds (Total)
# 
# 
#  Elapsed Time: 26.4186 seconds (Warm-up)
#                46.2562 seconds (Sampling)
#                72.6748 seconds (Total)
# 
  108 | 01m13s |    0.22920 |   29.2584 |    3.6520 |   52.6383 |    0.5218 | 
# 
#  Elapsed Time: 17.0756 seconds (Warm-up)
#                43.9861 seconds (Sampling)
#                61.0616 seconds (Total)
# 
# 
#  Elapsed Time: 17.7022 seconds (Warm-up)
#                44.042 seconds (Sampling)
#                61.7442 seconds (Total)
# 
# 
#  Elapsed Time: 21.9974 seconds (Warm-up)
#                44.4131 seconds (Sampling)
#                66.4105 seconds (Total)
# 
# 
#  Elapsed Time: 27.5603 seconds (Warm-up)
#                44.0059 seconds (Sampling)
#                71.5662 seconds (Total)
# 
  109 | 01m12s |    0.22085 |   56.5596 |    5.0637 |   86.0880 |   -2.2855 | 
# 
#  Elapsed Time: 21.7618 seconds (Warm-up)
#                42.9988 seconds (Sampling)
#                64.7605 seconds (Total)
# 
# 
#  Elapsed Time: 21.1752 seconds (Warm-up)
#                46.5953 seconds (Sampling)
#                67.7705 seconds (Total)
# 
# 
#  Elapsed Time: 24.7622 seconds (Warm-up)
#                46.2969 seconds (Sampling)
#                71.0591 seconds (Total)
# 
# 
#  Elapsed Time: 28.9776 seconds (Warm-up)
#                46.0494 seconds (Sampling)
#                75.027 seconds (Total)
# 
  110 | 01m15s |    0.22572 |   27.1720 |    2.1578 |   42.3040 |   -3.3006 | 
# 
#  Elapsed Time: 88.2946 seconds (Warm-up)
#                347.142 seconds (Sampling)
#                435.437 seconds (Total)
# 
# 
#  Elapsed Time: 89.2001 seconds (Warm-up)
#                348.89 seconds (Sampling)
#                438.09 seconds (Total)
# 
# 
#  Elapsed Time: 92.0914 seconds (Warm-up)
#                349.297 seconds (Sampling)
#                441.389 seconds (Total)
# 
# 
#  Elapsed Time: 93.8899 seconds (Warm-up)
#                347.844 seconds (Sampling)
#                441.734 seconds (Total)
# 
  111 | 07m22s |    0.09987 |   28.6666 |    0.0208 |    3.1894 |    0.5549 | 
# 
#  Elapsed Time: 17.8457 seconds (Warm-up)
#                43.832 seconds (Sampling)
#                61.6777 seconds (Total)
# 
# 
#  Elapsed Time: 19.2956 seconds (Warm-up)
#                43.9059 seconds (Sampling)
#                63.2015 seconds (Total)
# 
# 
#  Elapsed Time: 24.1392 seconds (Warm-up)
#                44.2419 seconds (Sampling)
#                68.3811 seconds (Total)
# 
# 
#  Elapsed Time: 25.3081 seconds (Warm-up)
#                43.9472 seconds (Sampling)
#                69.2553 seconds (Total)
# 
  112 | 01m09s |    0.22890 |   32.7797 |    3.6820 |   66.6025 |    1.7062 | 
# 
#  Elapsed Time: 15.1707 seconds (Warm-up)
#                44.7134 seconds (Sampling)
#                59.8841 seconds (Total)
# 
# 
#  Elapsed Time: 16.4164 seconds (Warm-up)
#                43.6377 seconds (Sampling)
#                60.0541 seconds (Total)
# 
# 
#  Elapsed Time: 16.2187 seconds (Warm-up)
#                44.614 seconds (Sampling)
#                60.8326 seconds (Total)
# 
# 
#  Elapsed Time: 19.9033 seconds (Warm-up)
#                44.5791 seconds (Sampling)
#                64.4824 seconds (Total)
# 
  113 | 01m05s |    0.21438 |    8.8377 |    5.9875 |    2.6014 |    0.8014 | 
# 
#  Elapsed Time: 25.5775 seconds (Warm-up)
#                43.8802 seconds (Sampling)
#                69.4576 seconds (Total)
# 
# 
#  Elapsed Time: 28.7806 seconds (Warm-up)
#                42.8096 seconds (Sampling)
#                71.5903 seconds (Total)
# 
# 
#  Elapsed Time: 34.3211 seconds (Warm-up)
#                44.9091 seconds (Sampling)
#                79.2302 seconds (Total)
# 
# 
#  Elapsed Time: 34.6565 seconds (Warm-up)
#                44.9954 seconds (Sampling)
#                79.6519 seconds (Total)
# 
  114 | 01m20s |    0.22821 |   73.6273 |    2.4484 |   63.9062 |   -1.4588 | 
# 
#  Elapsed Time: 26.3723 seconds (Warm-up)
#                42.8943 seconds (Sampling)
#                69.2666 seconds (Total)
# 
# 
#  Elapsed Time: 27.6167 seconds (Warm-up)
#                43.9541 seconds (Sampling)
#                71.5708 seconds (Total)
# 
# 
#  Elapsed Time: 28.1806 seconds (Warm-up)
#                44.0806 seconds (Sampling)
#                72.2612 seconds (Total)
# 
# 
#  Elapsed Time: 30.9743 seconds (Warm-up)
#                43.9521 seconds (Sampling)
#                74.9264 seconds (Total)
# 
  115 | 01m15s |    0.22927 |   56.0818 |    2.5673 |   97.7105 |    0.2173 | 
# 
#  Elapsed Time: 46.3001 seconds (Warm-up)
#                43.7117 seconds (Sampling)
#                90.0119 seconds (Total)
# 
# 
#  Elapsed Time: 48.0021 seconds (Warm-up)
#                42.7128 seconds (Sampling)
#                90.7149 seconds (Total)
# 
# 
#  Elapsed Time: 48.5219 seconds (Warm-up)
#                44.1641 seconds (Sampling)
#                92.686 seconds (Total)
# 
# 
#  Elapsed Time: 50.0645 seconds (Warm-up)
#                44.4651 seconds (Sampling)
#                94.5295 seconds (Total)
# 
  116 | 01m35s |    0.20137 |   89.6055 |    1.0223 |   20.6257 |    1.8600 | 
# 
#  Elapsed Time: 22.8804 seconds (Warm-up)
#                43.8731 seconds (Sampling)
#                66.7535 seconds (Total)
# 
# 
#  Elapsed Time: 24.6235 seconds (Warm-up)
#                42.8985 seconds (Sampling)
#                67.5221 seconds (Total)
# 
# 
#  Elapsed Time: 24.4326 seconds (Warm-up)
#                44.1907 seconds (Sampling)
#                68.6233 seconds (Total)
# 
# 
#  Elapsed Time: 25.6018 seconds (Warm-up)
#                44.4275 seconds (Sampling)
#                70.0293 seconds (Total)
# 
  117 | 01m10s |    0.22151 |   73.5012 |    5.0034 |    4.0456 |    3.4234 | 
# 
#  Elapsed Time: 19.9449 seconds (Warm-up)
#                44.3094 seconds (Sampling)
#                64.2542 seconds (Total)
# 
# 
#  Elapsed Time: 20.4343 seconds (Warm-up)
#                44.0551 seconds (Sampling)
#                64.4893 seconds (Total)
# 
# 
#  Elapsed Time: 21.0346 seconds (Warm-up)
#                44.1222 seconds (Sampling)
#                65.1568 seconds (Total)
# 
# 
#  Elapsed Time: 24.9971 seconds (Warm-up)
#                43.9094 seconds (Sampling)
#                68.9066 seconds (Total)
# 
  118 | 01m09s |    0.22400 |   17.9088 |    4.6161 |   60.8508 |    3.4146 | 
# 
#  Elapsed Time: 19.0425 seconds (Warm-up)
#                44.0185 seconds (Sampling)
#                63.0611 seconds (Total)
# 
# 
#  Elapsed Time: 19.6977 seconds (Warm-up)
#                44.5036 seconds (Sampling)
#                64.2013 seconds (Total)
# 
# 
#  Elapsed Time: 22.2407 seconds (Warm-up)
#                43.2266 seconds (Sampling)
#                65.4673 seconds (Total)
# 
# 
#  Elapsed Time: 22.8236 seconds (Warm-up)
#                43.2895 seconds (Sampling)
#                66.1131 seconds (Total)
# 
  119 | 01m06s |    0.22777 |   21.7659 |    2.8782 |    2.8407 |    0.9552 | 
# 
#  Elapsed Time: 20.3311 seconds (Warm-up)
#                43.5755 seconds (Sampling)
#                63.9066 seconds (Total)
# 
# 
#  Elapsed Time: 21.0452 seconds (Warm-up)
#                43.6248 seconds (Sampling)
#                64.67 seconds (Total)
# 
# 
#  Elapsed Time: 21.4788 seconds (Warm-up)
#                44.292 seconds (Sampling)
#                65.7708 seconds (Total)
# 
# 
#  Elapsed Time: 22.3344 seconds (Warm-up)
#                43.6407 seconds (Sampling)
#                65.9752 seconds (Total)
# 
  120 | 01m06s |    0.22923 |   24.7912 |    3.2329 |   66.8170 |   -2.7143 | 
# 
#  Elapsed Time: 19.062 seconds (Warm-up)
#                44.0843 seconds (Sampling)
#                63.1464 seconds (Total)
# 
# 
#  Elapsed Time: 20.6611 seconds (Warm-up)
#                44.2044 seconds (Sampling)
#                64.8656 seconds (Total)
# 
# 
#  Elapsed Time: 21.7793 seconds (Warm-up)
#                44.2107 seconds (Sampling)
#                65.99 seconds (Total)
# 
# 
#  Elapsed Time: 23.5004 seconds (Warm-up)
#                43.1257 seconds (Sampling)
#                66.6262 seconds (Total)
# 
  121 | 01m07s |    0.19791 |   46.5157 |    7.7249 |   96.7989 |    1.4109 | 
# 
#  Elapsed Time: 17.132 seconds (Warm-up)
#                45.0199 seconds (Sampling)
#                62.1518 seconds (Total)
# 
# 
#  Elapsed Time: 18.7043 seconds (Warm-up)
#                45.2023 seconds (Sampling)
#                63.9066 seconds (Total)
# 
# 
#  Elapsed Time: 19.6061 seconds (Warm-up)
#                45.1186 seconds (Sampling)
#                64.7246 seconds (Total)
# 
# 
#  Elapsed Time: 23.7751 seconds (Warm-up)
#                45.6449 seconds (Sampling)
#                69.42 seconds (Total)
# 
  122 | 01m10s |    0.21396 |   91.9248 |    5.8618 |   49.7179 |    3.9151 | 
# 
#  Elapsed Time: 19.0017 seconds (Warm-up)
#                46.8583 seconds (Sampling)
#                65.86 seconds (Total)
# 
# 
#  Elapsed Time: 20.4223 seconds (Warm-up)
#                46.8457 seconds (Sampling)
#                67.2681 seconds (Total)
# 
# 
#  Elapsed Time: 21.9015 seconds (Warm-up)
#                46.8462 seconds (Sampling)
#                68.7477 seconds (Total)
# 
# 
#  Elapsed Time: 24.78 seconds (Warm-up)
#                47.0104 seconds (Sampling)
#                71.7904 seconds (Total)
# 
  123 | 01m12s |    0.21824 |   33.2667 |    5.3545 |    4.1403 |   -0.4972 | 
# 
#  Elapsed Time: 19.2504 seconds (Warm-up)
#                46.8152 seconds (Sampling)
#                66.0656 seconds (Total)
# 
# 
#  Elapsed Time: 23.5868 seconds (Warm-up)
#                46.7587 seconds (Sampling)
#                70.3455 seconds (Total)
# 
# 
#  Elapsed Time: 25.4503 seconds (Warm-up)
#                46.8025 seconds (Sampling)
#                72.2528 seconds (Total)
# 
# 
#  Elapsed Time: 28.6695 seconds (Warm-up)
#                46.7994 seconds (Sampling)
#                75.4689 seconds (Total)
# 
  124 | 01m15s |    0.21665 |   45.0038 |    5.4795 |    5.1606 |   -2.8370 | 
# 
#  Elapsed Time: 24.0126 seconds (Warm-up)
#                46.6078 seconds (Sampling)
#                70.6204 seconds (Total)
# 
# 
#  Elapsed Time: 24.001 seconds (Warm-up)
#                46.7225 seconds (Sampling)
#                70.7235 seconds (Total)
# 
# 
#  Elapsed Time: 26.2229 seconds (Warm-up)
#                46.6658 seconds (Sampling)
#                72.8887 seconds (Total)
# 
# 
#  Elapsed Time: 26.4798 seconds (Warm-up)
#                46.7384 seconds (Sampling)
#                73.2182 seconds (Total)
# 
  125 | 01m13s |    0.22948 |   54.1635 |    3.6238 |    5.6747 |    2.5461 | 
# 
#  Elapsed Time: 18.8247 seconds (Warm-up)
#                46.9745 seconds (Sampling)
#                65.7991 seconds (Total)
# 
# 
#  Elapsed Time: 18.9551 seconds (Warm-up)
#                46.9548 seconds (Sampling)
#                65.9099 seconds (Total)
# 
# 
#  Elapsed Time: 20.4188 seconds (Warm-up)
#                46.9767 seconds (Sampling)
#                67.3955 seconds (Total)
# 
# 
#  Elapsed Time: 22.0284 seconds (Warm-up)
#                46.9469 seconds (Sampling)
#                68.9753 seconds (Total)
# 
  126 | 01m09s |    0.18671 |   31.3842 |    9.1552 |   37.1867 |   -2.1796 | 
# 
#  Elapsed Time: 18.1115 seconds (Warm-up)
#                46.6661 seconds (Sampling)
#                64.7776 seconds (Total)
# 
# 
#  Elapsed Time: 21.1152 seconds (Warm-up)
#                46.7279 seconds (Sampling)
#                67.8431 seconds (Total)
# 
# 
#  Elapsed Time: 24.6709 seconds (Warm-up)
#                47.0687 seconds (Sampling)
#                71.7396 seconds (Total)
# 
# 
#  Elapsed Time: 25.8495 seconds (Warm-up)
#                46.6419 seconds (Sampling)
#                72.4914 seconds (Total)
# 
  127 | 01m13s |    0.20942 |   77.5556 |    6.2981 |   88.6045 |    0.1355 | 
# 
#  Elapsed Time: 20.7158 seconds (Warm-up)
#                46.7676 seconds (Sampling)
#                67.4834 seconds (Total)
# 
# 
#  Elapsed Time: 20.6594 seconds (Warm-up)
#                46.903 seconds (Sampling)
#                67.5624 seconds (Total)
# 
# 
#  Elapsed Time: 23.9439 seconds (Warm-up)
#                46.8373 seconds (Sampling)
#                70.7812 seconds (Total)
# 
# 
#  Elapsed Time: 26.5599 seconds (Warm-up)
#                46.8627 seconds (Sampling)
#                73.4226 seconds (Total)
# 
  128 | 01m13s |    0.20211 |   52.4642 |    7.1811 |    3.4882 |   -0.6286 | 
# 
#  Elapsed Time: 18.5074 seconds (Warm-up)
#                47.287 seconds (Sampling)
#                65.7944 seconds (Total)
# 
# 
#  Elapsed Time: 19.5016 seconds (Warm-up)
#                47.3456 seconds (Sampling)
#                66.8472 seconds (Total)
# 
# 
#  Elapsed Time: 20.9609 seconds (Warm-up)
#                47.171 seconds (Sampling)
#                68.1319 seconds (Total)
# 
# 
#  Elapsed Time: 22.2484 seconds (Warm-up)
#                47.1711 seconds (Sampling)
#                69.4196 seconds (Total)
# 
  129 | 01m10s |    0.20203 |   13.6484 |    7.4181 |   36.6088 |    3.4198 | 
# 
#  Elapsed Time: 40.2802 seconds (Warm-up)
#                46.3304 seconds (Sampling)
#                86.6105 seconds (Total)
# 
# 
#  Elapsed Time: 40.8001 seconds (Warm-up)
#                46.4638 seconds (Sampling)
#                87.264 seconds (Total)
# 
# 
#  Elapsed Time: 41.5132 seconds (Warm-up)
#                46.4675 seconds (Sampling)
#                87.9807 seconds (Total)
# 
# 
#  Elapsed Time: 46.8892 seconds (Warm-up)
#                46.2411 seconds (Sampling)
#                93.1304 seconds (Total)
# 
  130 | 01m33s |    0.21635 |   92.6721 |    1.4679 |   35.0139 |   -1.5553 | 
# 
#  Elapsed Time: 27.4425 seconds (Warm-up)
#                46.5095 seconds (Sampling)
#                73.9521 seconds (Total)
# 
# 
#  Elapsed Time: 27.5218 seconds (Warm-up)
#                46.5285 seconds (Sampling)
#                74.0503 seconds (Total)
# 
# 
#  Elapsed Time: 27.9626 seconds (Warm-up)
#                46.5552 seconds (Sampling)
#                74.5178 seconds (Total)
# 
# 
#  Elapsed Time: 32.6421 seconds (Warm-up)
#                46.2029 seconds (Sampling)
#                78.845 seconds (Total)
# 
  131 | 01m19s |    0.23061 |   81.3467 |    3.6698 |   51.3160 |    3.9620 | 
# 
#  Elapsed Time: 19.2564 seconds (Warm-up)
#                46.7448 seconds (Sampling)
#                66.0011 seconds (Total)
# 
# 
#  Elapsed Time: 21.6738 seconds (Warm-up)
#                46.5974 seconds (Sampling)
#                68.2712 seconds (Total)
# 
# 
#  Elapsed Time: 22.0701 seconds (Warm-up)
#                46.7177 seconds (Sampling)
#                68.7877 seconds (Total)
# 
# 
#  Elapsed Time: 24.975 seconds (Warm-up)
#                46.6464 seconds (Sampling)
#                71.6213 seconds (Total)
# 
  132 | 01m12s |    0.19232 |   89.2538 |    8.3225 |   38.7680 |   -0.3532 | 
# 
#  Elapsed Time: 21.0671 seconds (Warm-up)
#                46.6473 seconds (Sampling)
#                67.7144 seconds (Total)
# 
# 
#  Elapsed Time: 21.6661 seconds (Warm-up)
#                46.5189 seconds (Sampling)
#                68.185 seconds (Total)
# 
# 
#  Elapsed Time: 23.7818 seconds (Warm-up)
#                46.4618 seconds (Sampling)
#                70.2436 seconds (Total)
# 
# 
#  Elapsed Time: 25.4183 seconds (Warm-up)
#                46.6024 seconds (Sampling)
#                72.0206 seconds (Total)
# 
  133 | 01m12s |    0.22276 |   61.6204 |    4.8454 |   73.5538 |    3.8617 | 
# 
#  Elapsed Time: 31.3898 seconds (Warm-up)
#                44.6987 seconds (Sampling)
#                76.0885 seconds (Total)
# 
# 
#  Elapsed Time: 32.1424 seconds (Warm-up)
#                44.6428 seconds (Sampling)
#                76.7852 seconds (Total)
# 
# 
#  Elapsed Time: 30.5127 seconds (Warm-up)
#                46.3099 seconds (Sampling)
#                76.8226 seconds (Total)
# 
# 
#  Elapsed Time: 33.0226 seconds (Warm-up)
#                44.6399 seconds (Sampling)
#                77.6626 seconds (Total)
# 
  134 | 01m18s |    0.22853 |   92.7353 |    2.3937 |   53.0251 |   -1.7921 | 
# 
#  Elapsed Time: 21.5692 seconds (Warm-up)
#                44.5408 seconds (Sampling)
#                66.11 seconds (Total)
# 
# 
#  Elapsed Time: 22.9342 seconds (Warm-up)
#                44.5934 seconds (Sampling)
#                67.5276 seconds (Total)
# 
# 
#  Elapsed Time: 24.2751 seconds (Warm-up)
#                44.7422 seconds (Sampling)
#                69.0173 seconds (Total)
# 
# 
#  Elapsed Time: 27.4067 seconds (Warm-up)
#                46.2451 seconds (Sampling)
#                73.6518 seconds (Total)
# 
  135 | 01m14s |    0.22408 |   67.0621 |    4.7654 |   12.0379 |   -0.6578 | 
# 
#  Elapsed Time: 20.2976 seconds (Warm-up)
#                45.0954 seconds (Sampling)
#                65.393 seconds (Total)
# 
# 
#  Elapsed Time: 22.04 seconds (Warm-up)
#                45.2408 seconds (Sampling)
#                67.2808 seconds (Total)
# 
# 
#  Elapsed Time: 22.5301 seconds (Warm-up)
#                45.374 seconds (Sampling)
#                67.9041 seconds (Total)
# 
# 
#  Elapsed Time: 23.3667 seconds (Warm-up)
#                47.0303 seconds (Sampling)
#                70.397 seconds (Total)
# 
  136 | 01m11s |    0.21104 |   85.7465 |    6.0931 |   62.7765 |    3.6006 | 
# 
#  Elapsed Time: 24.955 seconds (Warm-up)
#                44.3264 seconds (Sampling)
#                69.2814 seconds (Total)
# 
# 
#  Elapsed Time: 32.1062 seconds (Warm-up)
#                44.1871 seconds (Sampling)
#                76.2934 seconds (Total)
# 
# 
#  Elapsed Time: 32.6962 seconds (Warm-up)
#                46.029 seconds (Sampling)
#                78.7252 seconds (Total)
# 
# 
#  Elapsed Time: 35.4342 seconds (Warm-up)
#                44.0915 seconds (Sampling)
#                79.5258 seconds (Total)
# 
  137 | 01m20s |    0.22563 |   50.0860 |    2.0860 |    4.8284 |    0.9498 | 
# 
#  Elapsed Time: 19.9514 seconds (Warm-up)
#                46.9014 seconds (Sampling)
#                66.8529 seconds (Total)
# 
# 
#  Elapsed Time: 22.136 seconds (Warm-up)
#                46.8581 seconds (Sampling)
#                68.9941 seconds (Total)
# 
# 
#  Elapsed Time: 23.3423 seconds (Warm-up)
#                46.7114 seconds (Sampling)
#                70.0538 seconds (Total)
# 
# 
#  Elapsed Time: 23.9414 seconds (Warm-up)
#                46.7667 seconds (Sampling)
#                70.7081 seconds (Total)
# 
  138 | 01m11s |    0.22068 |   51.4386 |    5.0658 |   63.5962 |    1.8080 | 
# 
#  Elapsed Time: 35.7336 seconds (Warm-up)
#                44.4518 seconds (Sampling)
#                80.1854 seconds (Total)
# 
# 
#  Elapsed Time: 37.057 seconds (Warm-up)
#                44.4302 seconds (Sampling)
#                81.4872 seconds (Total)
# 
# 
#  Elapsed Time: 37.7269 seconds (Warm-up)
#                44.3052 seconds (Sampling)
#                82.0321 seconds (Total)
# 
# 
#  Elapsed Time: 38.5135 seconds (Warm-up)
#                46.4712 seconds (Sampling)
#                84.9847 seconds (Total)
# 
  139 | 01m25s |    0.17861 |   35.8270 |    0.6391 |   53.4137 |   -2.4795 | 
# 
#  Elapsed Time: 18.1735 seconds (Warm-up)
#                44.25 seconds (Sampling)
#                62.4235 seconds (Total)
# 
# 
#  Elapsed Time: 21.6222 seconds (Warm-up)
#                44.1933 seconds (Sampling)
#                65.8155 seconds (Total)
# 
# 
#  Elapsed Time: 24.4279 seconds (Warm-up)
#                44.1396 seconds (Sampling)
#                68.5675 seconds (Total)
# 
# 
#  Elapsed Time: 25.6918 seconds (Warm-up)
#                46.4954 seconds (Sampling)
#                72.1872 seconds (Total)
# 
  140 | 01m12s |    0.19532 |   38.5756 |    8.0888 |   77.9995 |    2.1040 | 
# 
#  Elapsed Time: 20.8535 seconds (Warm-up)
#                44.9525 seconds (Sampling)
#                65.806 seconds (Total)
# 
# 
#  Elapsed Time: 21.4311 seconds (Warm-up)
#                44.8793 seconds (Sampling)
#                66.3104 seconds (Total)
# 
# 
#  Elapsed Time: 19.7597 seconds (Warm-up)
#                46.7643 seconds (Sampling)
#                66.524 seconds (Total)
# 
# 
#  Elapsed Time: 24.0817 seconds (Warm-up)
#                45.136 seconds (Sampling)
#                69.2177 seconds (Total)
# 
  141 | 01m09s |    0.18377 |   59.4357 |    9.5616 |    1.4884 |   -3.3300 | 
# 
#  Elapsed Time: 25.6731 seconds (Warm-up)
#                45.0135 seconds (Sampling)
#                70.6866 seconds (Total)
# 
# 
#  Elapsed Time: 29.3097 seconds (Warm-up)
#                45.3942 seconds (Sampling)
#                74.7039 seconds (Total)
# 
# 
#  Elapsed Time: 31.1422 seconds (Warm-up)
#                45.2633 seconds (Sampling)
#                76.4055 seconds (Total)
# 
# 
#  Elapsed Time: 35.3376 seconds (Warm-up)
#                44.4999 seconds (Sampling)
#                79.8374 seconds (Total)
# 
  142 | 01m20s | [35m   0.23164[0m | [32m  75.8963[0m | [32m   3.0813[0m | [32m  72.0758[0m | [32m  -0.6259[0m | 
# 
#  Elapsed Time: 17.4726 seconds (Warm-up)
#                44.0147 seconds (Sampling)
#                61.4872 seconds (Total)
# 
# 
#  Elapsed Time: 17.7429 seconds (Warm-up)
#                44.0172 seconds (Sampling)
#                61.7601 seconds (Total)
# 
# 
#  Elapsed Time: 17.9963 seconds (Warm-up)
#                44.2385 seconds (Sampling)
#                62.2347 seconds (Total)
# 
# 
#  Elapsed Time: 20.8243 seconds (Warm-up)
#                45.0016 seconds (Sampling)
#                65.8259 seconds (Total)
# 
  143 | 01m06s |    0.18332 |   99.9998 |    9.5761 |   40.2249 |   -0.1450 | 
# 
#  Elapsed Time: 23.3446 seconds (Warm-up)
#                43.9044 seconds (Sampling)
#                67.249 seconds (Total)
# 
# 
#  Elapsed Time: 24.8896 seconds (Warm-up)
#                43.9662 seconds (Sampling)
#                68.8558 seconds (Total)
# 
# 
#  Elapsed Time: 26.268 seconds (Warm-up)
#                44.2415 seconds (Sampling)
#                70.5094 seconds (Total)
# 
# 
#  Elapsed Time: 30.0028 seconds (Warm-up)
#                44.1913 seconds (Sampling)
#                74.1941 seconds (Total)
# 
  144 | 01m14s |    0.22614 |   61.9558 |    4.3860 |    6.5017 |    0.6114 | 
# 
#  Elapsed Time: 45.4879 seconds (Warm-up)
#                46.5343 seconds (Sampling)
#                92.0222 seconds (Total)
# 
# 
#  Elapsed Time: 48.1515 seconds (Warm-up)
#                46.4279 seconds (Sampling)
#                94.5793 seconds (Total)
# 
# 
#  Elapsed Time: 49.2638 seconds (Warm-up)
#                46.6575 seconds (Sampling)
#                95.9213 seconds (Total)
# 
# 
#  Elapsed Time: 53.8096 seconds (Warm-up)
#                46.8193 seconds (Sampling)
#                100.629 seconds (Total)
# 
  145 | 01m41s |    0.17741 |   52.1098 |    0.6279 |   67.5283 |   -0.5966 | 
# 
#  Elapsed Time: 19.4131 seconds (Warm-up)
#                44.6333 seconds (Sampling)
#                64.0464 seconds (Total)
# 
# 
#  Elapsed Time: 20.3919 seconds (Warm-up)
#                44.9362 seconds (Sampling)
#                65.3281 seconds (Total)
# 
# 
#  Elapsed Time: 20.8252 seconds (Warm-up)
#                44.5865 seconds (Sampling)
#                65.4116 seconds (Total)
# 
# 
#  Elapsed Time: 28.4774 seconds (Warm-up)
#                44.3397 seconds (Sampling)
#                72.8172 seconds (Total)
# 
  146 | 01m13s |    0.20299 |   15.0742 |    7.3505 |   60.7582 |   -2.7808 | 
# 
#  Elapsed Time: 27.442 seconds (Warm-up)
#                43.8886 seconds (Sampling)
#                71.3307 seconds (Total)
# 
# 
#  Elapsed Time: 27.4577 seconds (Warm-up)
#                43.9736 seconds (Sampling)
#                71.4314 seconds (Total)
# 
# 
#  Elapsed Time: 28.2247 seconds (Warm-up)
#                44.273 seconds (Sampling)
#                72.4977 seconds (Total)
# 
# 
#  Elapsed Time: 29.053 seconds (Warm-up)
#                43.9469 seconds (Sampling)
#                72.9999 seconds (Total)
# 
  147 | 01m13s |    0.19410 |   29.8699 |    0.8733 |   37.4353 |    3.6080 | 
# 
#  Elapsed Time: 29.3151 seconds (Warm-up)
#                44.1244 seconds (Sampling)
#                73.4395 seconds (Total)
# 
# 
#  Elapsed Time: 30.2718 seconds (Warm-up)
#                43.9366 seconds (Sampling)
#                74.2084 seconds (Total)
# 
# 
#  Elapsed Time: 33.1849 seconds (Warm-up)
#                44.4065 seconds (Sampling)
#                77.5914 seconds (Total)
# 
# 
#  Elapsed Time: 36.5386 seconds (Warm-up)
#                44.3029 seconds (Sampling)
#                80.8414 seconds (Total)
# 
  148 | 01m21s |    0.22413 |   72.3116 |    1.9417 |   80.5086 |    1.3907 | 
# 
#  Elapsed Time: 12.8058 seconds (Warm-up)
#                44.618 seconds (Sampling)
#                57.4238 seconds (Total)
# 
# 
#  Elapsed Time: 17.9889 seconds (Warm-up)
#                44.2481 seconds (Sampling)
#                62.2369 seconds (Total)
# 
# 
#  Elapsed Time: 18.5935 seconds (Warm-up)
#                44.7375 seconds (Sampling)
#                63.3311 seconds (Total)
# 
# 
#  Elapsed Time: 22.6422 seconds (Warm-up)
#                45.162 seconds (Sampling)
#                67.8042 seconds (Total)
# 
  149 | 01m08s |    0.19344 |   25.7498 |    8.2565 |   18.6819 |    3.2804 | 
# 
#  Elapsed Time: 16.9147 seconds (Warm-up)
#                44.5758 seconds (Sampling)
#                61.4906 seconds (Total)
# 
# 
#  Elapsed Time: 20.1937 seconds (Warm-up)
#                44.242 seconds (Sampling)
#                64.4357 seconds (Total)
# 
# 
#  Elapsed Time: 20.2914 seconds (Warm-up)
#                44.3059 seconds (Sampling)
#                64.5974 seconds (Total)
# 
# 
#  Elapsed Time: 21.6747 seconds (Warm-up)
#                44.3281 seconds (Sampling)
#                66.0028 seconds (Total)
# 
  150 | 01m06s |    0.19032 |   34.0710 |    8.7213 |   21.2918 |    3.5648 | 
[31mBayesian Optimization[0m
[94m-----------------------------------------------------------------------------[0m
 Step |   Time |      Value |      eta0 |    gamma0 |    kappa0 |       mu0 | 
Save: ../result/snapshot/ability_estimation_bo/PC1-hyper4-RAM5000w500-full-20171211191449
